<?xml version="1.0" encoding="UTF-8"?>
<testsuites name="Regression TopX 2G" time="3059.467" tests="28" failures="16" errors="0">
   <testsuite name="Regression TopX 2G" tests="28" failures="16" errors="0" time="3059.467" skipped="0" timestamp="2024-08-04 13:58:36" hostname="FatimaIbeid - LP-FatimaIbeid" id="Test Suites/PM/Hwauei/TopX/Regression TopX 2G">
      <properties>
[...]
</properties>
      <testcase name="Test Cases/PM/Hwauei/TopX/2G TopX/XPLMN/TopX 2G PLMN default" time="35.885" classname="Test Cases/PM/Hwauei/TopX/2G TopX/XPLMN/TopX 2G PLMN default" status="PASSED">
         <system-out><![CDATA[2024-08-04 13:58:37 - [TEST_CASE][PASSED] - Test Cases/PM/Hwauei/TopX/2G TopX/XPLMN/TopX 2G PLMN default: Test Cases/PM/Hwauei/TopX/2G TopX/XPLMN/TopX 2G PLMN default

2024-08-04 13:58:37 - [TEST_STEP][PASSED] - callTestCase(findTestCase("Login"), [:], STOP_ON_FAILURE): Call Test Case 'Test Cases/Login' successfully

2024-08-04 13:58:37 - [TEST_CASE][PASSED] - Test Cases/Login: Test Cases/Login

2024-08-04 13:58:38 - [TEST_STEP][PASSED] - driver = general.start(SwagerURL, NetCellURL): general.start is PASSED

2024-08-04 13:58:38 - [MESSAGE][INFO] - >>> chromeDriverPath=C:\Users\FatimaIbeid\.katalon\packages\Katalon_Studio_Windows_64-8.6.9\Katalon_Studio_Windows_64-8.6.9\configuration\resources\drivers\chromedriver_win32\chromedriver.exe

2024-08-04 13:58:41 - [MESSAGE][PASSED] - Current window maximized

2024-08-04 13:58:42 - [MESSAGE][PASSED] - Execute JavaScript 'window.open();' successfully

2024-08-04 13:58:42 - [MESSAGE][PASSED] - Switched to window with index: '1'

2024-08-04 13:58:43 - [MESSAGE][PASSED] - general.start is PASSED

2024-08-04 13:58:43 - [TEST_STEP][PASSED] - click(findTestObject("Object Repository/Login/LoginButton")): Object: 'Object Repository/Login/LoginButton' is clicked on

2024-08-04 13:58:44 - [MESSAGE][PASSED] - Object: 'Object Repository/Login/LoginButton' is clicked on

2024-08-04 13:58:44 - [TEST_STEP][PASSED] - switchToWindowIndex(2): Switched to window with index: '2'

2024-08-04 13:58:45 - [MESSAGE][PASSED] - Switched to window with index: '2'

2024-08-04 13:58:45 - [TEST_STEP][PASSED] - delay(1): Delayed 1 second(s)

2024-08-04 13:58:46 - [MESSAGE][PASSED] - Delayed 1 second(s)

2024-08-04 13:58:46 - [TEST_STEP][PASSED] - sendKeys(findTestObject("Object Repository/Login/EnterEmail"), "homam@zztjg.onmicrosoft.com"): Keys 'homam@zztjg.onmicrosoft.com' sent to object: 'Object Repository/Login/EnterEmail'

2024-08-04 13:58:48 - [MESSAGE][PASSED] - Keys 'homam@zztjg.onmicrosoft.com' sent to object: 'Object Repository/Login/EnterEmail'

2024-08-04 13:58:48 - [TEST_STEP][PASSED] - delay(1): Delayed 1 second(s)

2024-08-04 13:58:49 - [MESSAGE][PASSED] - Delayed 1 second(s)

2024-08-04 13:58:49 - [TEST_STEP][PASSED] - click(findTestObject("Object Repository/Login/NextButton")): Object: 'Object Repository/Login/NextButton' is clicked on

2024-08-04 13:58:49 - [MESSAGE][PASSED] - Object: 'Object Repository/Login/NextButton' is clicked on

2024-08-04 13:58:49 - [TEST_STEP][PASSED] - delay(2): Delayed 2 second(s)

2024-08-04 13:58:51 - [MESSAGE][PASSED] - Delayed 2 second(s)

2024-08-04 13:58:51 - [TEST_STEP][PASSED] - sendKeys(findTestObject("Object Repository/Login/EnterPassword"), "Holder12345"): Keys 'Holder12345' sent to object: 'Object Repository/Login/EnterPassword'

2024-08-04 13:58:51 - [MESSAGE][PASSED] - Keys 'Holder12345' sent to object: 'Object Repository/Login/EnterPassword'

2024-08-04 13:58:51 - [TEST_STEP][PASSED] - delay(1): Delayed 1 second(s)

2024-08-04 13:58:52 - [MESSAGE][PASSED] - Delayed 1 second(s)

2024-08-04 13:58:52 - [TEST_STEP][PASSED] - click(findTestObject("Object Repository/Login/SigninButton")): Object: 'Object Repository/Login/SigninButton' is clicked on

2024-08-04 13:58:53 - [MESSAGE][PASSED] - Object: 'Object Repository/Login/SigninButton' is clicked on

2024-08-04 13:58:53 - [TEST_STEP][PASSED] - delay(1): Delayed 1 second(s)

2024-08-04 13:58:54 - [MESSAGE][PASSED] - Delayed 1 second(s)

2024-08-04 13:58:54 - [TEST_STEP][PASSED] - click(findTestObject("Object Repository/Login/YesStayInButton")): Object: 'Object Repository/Login/YesStayInButton' is clicked on

2024-08-04 13:58:55 - [MESSAGE][PASSED] - Object: 'Object Repository/Login/YesStayInButton' is clicked on

2024-08-04 13:58:55 - [MESSAGE][PASSED] - Call Test Case 'Test Cases/Login' successfully

2024-08-04 13:58:55 - [TEST_STEP][PASSED] - switchToWindowIndex(1): Switched to window with index: '1'

2024-08-04 13:58:55 - [MESSAGE][PASSED] - Switched to window with index: '1'

2024-08-04 13:58:55 - [TEST_STEP][PASSED] - PMHwaueiTopX.TopX("2G", "PLMN", false, "Hourly", false, null): PMHwaueiTopX.TopX is PASSED

2024-08-04 13:58:56 - [MESSAGE][PASSED] - Object: 'Object Repository/PM/PM-Button' is clicked on

2024-08-04 13:58:56 - [MESSAGE][PASSED] - Switched to window with index: '2'

2024-08-04 13:58:57 - [MESSAGE][PASSED] - Object: 'Object Repository/PM/Huawei-vendor/Data-view/TopX' is clicked on

2024-08-04 13:58:58 - [MESSAGE][PASSED] - Object: 'Object Repository/PM/Huawei-vendor/Technology/Technology-Arrow' is clicked on

2024-08-04 13:58:58 - [MESSAGE][PASSED] - Object: 'Object Repository/PM/Huawei-vendor/Technology/2G' is clicked on

2024-08-04 13:58:58 - [MESSAGE][PASSED] - Object: 'Object Repository/PM/Huawei-vendor/TopX/TopX Object Type' is clicked on

2024-08-04 13:58:59 - [MESSAGE][PASSED] - Delayed 1 second(s)

2024-08-04 13:58:59 - [MESSAGE][PASSED] - Object: 'Object Repository/PM/Huawei-vendor/Object-Type/TopX Object Types/TopX PLMNs/TopX PLMN' is clicked on

2024-08-04 13:59:00 - [MESSAGE][PASSED] - Delayed 1 second(s)

2024-08-04 13:59:01 - [MESSAGE][PASSED] - Object: 'Object Repository/PM/Huawei-vendor/Object-Type/TopX Object Types/TopX PLMNs/TopX PLMN checkbox' is clicked on

2024-08-04 13:59:01 - [MESSAGE][WARNING] - Timeout '0' is invalid. Using default page load timeout: '120'

2024-08-04 13:59:01 - [MESSAGE][PASSED] - Scroll to object 'Object Repository/PM/Huawei-vendor/LowXlabel' successfully

2024-08-04 13:59:01 - [MESSAGE][PASSED] - Object: 'Object Repository/PM/Huawei-vendor/TopX/TopXDate/BeforeDate' is clicked on

2024-08-04 13:59:02 - [MESSAGE][PASSED] - Delayed 1 second(s)

2024-08-04 13:59:02 - [MESSAGE][PASSED] - Object: 'Object Repository/PM/Huawei-vendor/TopX/TopXDate/Choose Month' is clicked on

2024-08-04 13:59:03 - [MESSAGE][PASSED] - Delayed 1 second(s)

2024-08-04 13:59:03 - [MESSAGE][PASSED] - Object: 'Object Repository/PM/Huawei-vendor/TopX/TopXDate/Feb' is clicked on

2024-08-04 13:59:04 - [MESSAGE][PASSED] - Object: 'Object Repository/PM/Huawei-vendor/TopX/TopXDate/Day 1' is clicked on

2024-08-04 13:59:04 - [MESSAGE][PASSED] - Object: 'Object Repository/PM/Huawei-vendor/TopX/TopXDate/Button OK' is clicked on

2024-08-04 13:59:04 - [MESSAGE][PASSED] - Object: 'Object Repository/PM/Huawei-vendor/TopX/TopXDate/After Date' is clicked on

2024-08-04 13:59:05 - [MESSAGE][PASSED] - Delayed 1 second(s)

2024-08-04 13:59:05 - [MESSAGE][PASSED] - Object: 'Object Repository/PM/Huawei-vendor/TopX/TopXDate/Choose Month' is clicked on

2024-08-04 13:59:06 - [MESSAGE][PASSED] - Delayed 1 second(s)

2024-08-04 13:59:06 - [MESSAGE][PASSED] - Object: 'Object Repository/PM/Huawei-vendor/TopX/TopXDate/Feb' is clicked on

2024-08-04 13:59:07 - [MESSAGE][PASSED] - Object: 'Object Repository/PM/Huawei-vendor/TopX/TopXDate/Day 7' is clicked on

2024-08-04 13:59:07 - [MESSAGE][PASSED] - Object: 'Object Repository/PM/Huawei-vendor/TopX/TopXDate/Button OK' is clicked on

2024-08-04 13:59:07 - [MESSAGE][PASSED] - Object: 'Object Repository/PM/Huawei-vendor/Apply-Button' is clicked on

2024-08-04 13:59:07 - [MESSAGE][WARNING] - Timeout '0' is invalid. Using default page load timeout: '120'

2024-08-04 13:59:07 - [MESSAGE][PASSED] - Web element with id: 'Object Repository/PM/Huawei-vendor/Error' located by 'By.xpath: //div[@class='toast-summary title-medium-m']' is not present after '120' second(s)

2024-08-04 13:59:07 - [MESSAGE][WARNING] - Timeout '0' is invalid. Using default page load timeout: '120'

2024-08-04 13:59:11 - [MESSAGE][PASSED] - Object 'Object Repository/PM/Huawei-vendor/Chart' is present

2024-08-04 13:59:11 - [MESSAGE][WARNING] - Timeout '0' is invalid. Using default page load timeout: '120'

2024-08-04 13:59:11 - [MESSAGE][PASSED] - Object 'Object Repository/PM/Huawei-vendor/TopX/TopX Export Chart' is present

2024-08-04 13:59:11 - [MESSAGE][WARNING] - Timeout '0' is invalid. Using default page load timeout: '120'

2024-08-04 13:59:11 - [MESSAGE][PASSED] - Object 'Object Repository/PM/Huawei-vendor/TopX/Table View' is present

2024-08-04 13:59:11 - [MESSAGE][PASSED] - Object: 'Object Repository/PM/Huawei-vendor/TopX/Table View' is clicked on

2024-08-04 13:59:12 - [MESSAGE][PASSED] - Object: 'Object Repository/PM/Huawei-vendor/TopX/Reordering the table view' is clicked on

2024-08-04 13:59:12 - [MESSAGE][PASSED] - Browser is closed

2024-08-04 13:59:12 - [MESSAGE][PASSED] - PMHwaueiTopX.TopX is PASSED]]></system-out>
         <system-err><![CDATA[]]></system-err>
      </testcase>
      <testcase name="Test Cases/PM/Hwauei/TopX/2G TopX/XPLMN/TopX 2G PLMN with LowX" time="28.214" classname="Test Cases/PM/Hwauei/TopX/2G TopX/XPLMN/TopX 2G PLMN with LowX" status="PASSED">
         <system-out><![CDATA[2024-08-04 13:59:12 - [TEST_CASE][PASSED] - Test Cases/PM/Hwauei/TopX/2G TopX/XPLMN/TopX 2G PLMN with LowX: Test Cases/PM/Hwauei/TopX/2G TopX/XPLMN/TopX 2G PLMN with LowX

2024-08-04 13:59:13 - [TEST_STEP][PASSED] - callTestCase(findTestCase("Login"), [:], STOP_ON_FAILURE): Call Test Case 'Test Cases/Login' successfully

2024-08-04 13:59:13 - [TEST_CASE][PASSED] - Test Cases/Login: Test Cases/Login

2024-08-04 13:59:13 - [TEST_STEP][PASSED] - driver = general.start(SwagerURL, NetCellURL): general.start is PASSED

2024-08-04 13:59:13 - [MESSAGE][INFO] - >>> chromeDriverPath=C:\Users\FatimaIbeid\.katalon\packages\Katalon_Studio_Windows_64-8.6.9\Katalon_Studio_Windows_64-8.6.9\configuration\resources\drivers\chromedriver_win32\chromedriver.exe

2024-08-04 13:59:14 - [MESSAGE][PASSED] - Current window maximized

2024-08-04 13:59:15 - [MESSAGE][PASSED] - Execute JavaScript 'window.open();' successfully

2024-08-04 13:59:15 - [MESSAGE][PASSED] - Switched to window with index: '1'

2024-08-04 13:59:15 - [MESSAGE][PASSED] - general.start is PASSED

2024-08-04 13:59:15 - [TEST_STEP][PASSED] - click(findTestObject("Object Repository/Login/LoginButton")): Object: 'Object Repository/Login/LoginButton' is clicked on

2024-08-04 13:59:17 - [MESSAGE][PASSED] - Object: 'Object Repository/Login/LoginButton' is clicked on

2024-08-04 13:59:17 - [TEST_STEP][PASSED] - switchToWindowIndex(2): Switched to window with index: '2'

2024-08-04 13:59:17 - [MESSAGE][PASSED] - Switched to window with index: '2'

2024-08-04 13:59:17 - [TEST_STEP][PASSED] - delay(1): Delayed 1 second(s)

2024-08-04 13:59:18 - [MESSAGE][PASSED] - Delayed 1 second(s)

2024-08-04 13:59:18 - [TEST_STEP][PASSED] - sendKeys(findTestObject("Object Repository/Login/EnterEmail"), "homam@zztjg.onmicrosoft.com"): Keys 'homam@zztjg.onmicrosoft.com' sent to object: 'Object Repository/Login/EnterEmail'

2024-08-04 13:59:18 - [MESSAGE][PASSED] - Keys 'homam@zztjg.onmicrosoft.com' sent to object: 'Object Repository/Login/EnterEmail'

2024-08-04 13:59:18 - [TEST_STEP][PASSED] - delay(1): Delayed 1 second(s)

2024-08-04 13:59:19 - [MESSAGE][PASSED] - Delayed 1 second(s)

2024-08-04 13:59:19 - [TEST_STEP][PASSED] - click(findTestObject("Object Repository/Login/NextButton")): Object: 'Object Repository/Login/NextButton' is clicked on

2024-08-04 13:59:20 - [MESSAGE][PASSED] - Object: 'Object Repository/Login/NextButton' is clicked on

2024-08-04 13:59:20 - [TEST_STEP][PASSED] - delay(2): Delayed 2 second(s)

2024-08-04 13:59:22 - [MESSAGE][PASSED] - Delayed 2 second(s)

2024-08-04 13:59:22 - [TEST_STEP][PASSED] - sendKeys(findTestObject("Object Repository/Login/EnterPassword"), "Holder12345"): Keys 'Holder12345' sent to object: 'Object Repository/Login/EnterPassword'

2024-08-04 13:59:22 - [MESSAGE][PASSED] - Keys 'Holder12345' sent to object: 'Object Repository/Login/EnterPassword'

2024-08-04 13:59:22 - [TEST_STEP][PASSED] - delay(1): Delayed 1 second(s)

2024-08-04 13:59:23 - [MESSAGE][PASSED] - Delayed 1 second(s)

2024-08-04 13:59:23 - [TEST_STEP][PASSED] - click(findTestObject("Object Repository/Login/SigninButton")): Object: 'Object Repository/Login/SigninButton' is clicked on

2024-08-04 13:59:23 - [MESSAGE][PASSED] - Object: 'Object Repository/Login/SigninButton' is clicked on

2024-08-04 13:59:23 - [TEST_STEP][PASSED] - delay(1): Delayed 1 second(s)

2024-08-04 13:59:24 - [MESSAGE][PASSED] - Delayed 1 second(s)

2024-08-04 13:59:24 - [TEST_STEP][PASSED] - click(findTestObject("Object Repository/Login/YesStayInButton")): Object: 'Object Repository/Login/YesStayInButton' is clicked on

2024-08-04 13:59:25 - [MESSAGE][PASSED] - Object: 'Object Repository/Login/YesStayInButton' is clicked on

2024-08-04 13:59:25 - [MESSAGE][PASSED] - Call Test Case 'Test Cases/Login' successfully

2024-08-04 13:59:25 - [TEST_STEP][PASSED] - switchToWindowIndex(1): Switched to window with index: '1'

2024-08-04 13:59:25 - [MESSAGE][PASSED] - Switched to window with index: '1'

2024-08-04 13:59:25 - [TEST_STEP][PASSED] - PMHwaueiTopX.TopX("2G", "PLMN", true, "Hourly", true, null): PMHwaueiTopX.TopX is PASSED

2024-08-04 13:59:25 - [MESSAGE][PASSED] - Object: 'Object Repository/PM/PM-Button' is clicked on

2024-08-04 13:59:25 - [MESSAGE][PASSED] - Switched to window with index: '2'

2024-08-04 13:59:26 - [MESSAGE][PASSED] - Object: 'Object Repository/PM/Huawei-vendor/Data-view/TopX' is clicked on

2024-08-04 13:59:27 - [MESSAGE][PASSED] - Object: 'Object Repository/PM/Huawei-vendor/Technology/Technology-Arrow' is clicked on

2024-08-04 13:59:27 - [MESSAGE][PASSED] - Object: 'Object Repository/PM/Huawei-vendor/Technology/2G' is clicked on

2024-08-04 13:59:27 - [MESSAGE][PASSED] - Object: 'Object Repository/PM/Huawei-vendor/TopX/TopX Object Type' is clicked on

2024-08-04 13:59:28 - [MESSAGE][PASSED] - Delayed 1 second(s)

2024-08-04 13:59:28 - [MESSAGE][PASSED] - Object: 'Object Repository/PM/Huawei-vendor/Object-Type/TopX Object Types/TopX PLMNs/TopX PLMN' is clicked on

2024-08-04 13:59:29 - [MESSAGE][PASSED] - Delayed 1 second(s)

2024-08-04 13:59:29 - [MESSAGE][PASSED] - Object: 'Object Repository/PM/Huawei-vendor/Object-Type/TopX Object Types/TopX PLMNs/TopX PLMN checkbox' is clicked on

2024-08-04 13:59:29 - [MESSAGE][WARNING] - Timeout '0' is invalid. Using default page load timeout: '120'

2024-08-04 13:59:29 - [MESSAGE][PASSED] - Scroll to object 'Object Repository/PM/Huawei-vendor/LowXlabel' successfully

2024-08-04 13:59:30 - [MESSAGE][PASSED] - Object: 'Object Repository/PM/Huawei-vendor/TopX/TopXDate/BeforeDate' is clicked on

2024-08-04 13:59:31 - [MESSAGE][PASSED] - Delayed 1 second(s)

2024-08-04 13:59:31 - [MESSAGE][PASSED] - Object: 'Object Repository/PM/Huawei-vendor/TopX/TopXDate/Choose Month' is clicked on

2024-08-04 13:59:32 - [MESSAGE][PASSED] - Delayed 1 second(s)

2024-08-04 13:59:32 - [MESSAGE][PASSED] - Object: 'Object Repository/PM/Huawei-vendor/TopX/TopXDate/Feb' is clicked on

2024-08-04 13:59:32 - [MESSAGE][PASSED] - Object: 'Object Repository/PM/Huawei-vendor/TopX/TopXDate/Day 1' is clicked on

2024-08-04 13:59:32 - [MESSAGE][PASSED] - Object: 'Object Repository/PM/Huawei-vendor/TopX/TopXDate/Button OK' is clicked on

2024-08-04 13:59:33 - [MESSAGE][PASSED] - Object: 'Object Repository/PM/Huawei-vendor/TopX/TopXDate/After Date' is clicked on

2024-08-04 13:59:34 - [MESSAGE][PASSED] - Delayed 1 second(s)

2024-08-04 13:59:34 - [MESSAGE][PASSED] - Object: 'Object Repository/PM/Huawei-vendor/TopX/TopXDate/Choose Month' is clicked on

2024-08-04 13:59:35 - [MESSAGE][PASSED] - Delayed 1 second(s)

2024-08-04 13:59:35 - [MESSAGE][PASSED] - Object: 'Object Repository/PM/Huawei-vendor/TopX/TopXDate/Feb' is clicked on

2024-08-04 13:59:35 - [MESSAGE][PASSED] - Object: 'Object Repository/PM/Huawei-vendor/TopX/TopXDate/Day 7' is clicked on

2024-08-04 13:59:35 - [MESSAGE][PASSED] - Object: 'Object Repository/PM/Huawei-vendor/TopX/TopXDate/Button OK' is clicked on

2024-08-04 13:59:35 - [MESSAGE][PASSED] - Object: 'Object Repository/PM/Huawei-vendor/LowXCheckBox' is clicked on

2024-08-04 13:59:36 - [MESSAGE][PASSED] - Object: 'Object Repository/PM/Huawei-vendor/Apply-Button' is clicked on

2024-08-04 13:59:36 - [MESSAGE][WARNING] - Timeout '0' is invalid. Using default page load timeout: '120'

2024-08-04 13:59:36 - [MESSAGE][PASSED] - Web element with id: 'Object Repository/PM/Huawei-vendor/Error' located by 'By.xpath: //div[@class='toast-summary title-medium-m']' is not present after '120' second(s)

2024-08-04 13:59:36 - [MESSAGE][WARNING] - Timeout '0' is invalid. Using default page load timeout: '120'

2024-08-04 13:59:39 - [MESSAGE][PASSED] - Object 'Object Repository/PM/Huawei-vendor/Chart' is present

2024-08-04 13:59:39 - [MESSAGE][WARNING] - Timeout '0' is invalid. Using default page load timeout: '120'

2024-08-04 13:59:39 - [MESSAGE][PASSED] - Object 'Object Repository/PM/Huawei-vendor/TopX/TopX Export Chart' is present

2024-08-04 13:59:39 - [MESSAGE][WARNING] - Timeout '0' is invalid. Using default page load timeout: '120'

2024-08-04 13:59:40 - [MESSAGE][PASSED] - Object 'Object Repository/PM/Huawei-vendor/TopX/Table View' is present

2024-08-04 13:59:40 - [MESSAGE][PASSED] - Object: 'Object Repository/PM/Huawei-vendor/TopX/Table View' is clicked on

2024-08-04 13:59:40 - [MESSAGE][PASSED] - Object: 'Object Repository/PM/Huawei-vendor/TopX/Reordering the table view' is clicked on

2024-08-04 13:59:41 - [MESSAGE][PASSED] - Browser is closed

2024-08-04 13:59:41 - [MESSAGE][PASSED] - PMHwaueiTopX.TopX is PASSED]]></system-out>
         <system-err><![CDATA[]]></system-err>
      </testcase>
      <testcase name="Test Cases/PM/Hwauei/TopX/2G TopX/XPLMN/TopX 2G PLMN Daily" time="29.007" classname="Test Cases/PM/Hwauei/TopX/2G TopX/XPLMN/TopX 2G PLMN Daily" status="PASSED">
         <system-out><![CDATA[2024-08-04 13:59:41 - [TEST_CASE][PASSED] - Test Cases/PM/Hwauei/TopX/2G TopX/XPLMN/TopX 2G PLMN Daily: Test Cases/PM/Hwauei/TopX/2G TopX/XPLMN/TopX 2G PLMN Daily

2024-08-04 13:59:41 - [TEST_STEP][PASSED] - callTestCase(findTestCase("Login"), [:], STOP_ON_FAILURE): Call Test Case 'Test Cases/Login' successfully

2024-08-04 13:59:41 - [TEST_CASE][PASSED] - Test Cases/Login: Test Cases/Login

2024-08-04 13:59:41 - [TEST_STEP][PASSED] - driver = general.start(SwagerURL, NetCellURL): general.start is PASSED

2024-08-04 13:59:41 - [MESSAGE][INFO] - >>> chromeDriverPath=C:\Users\FatimaIbeid\.katalon\packages\Katalon_Studio_Windows_64-8.6.9\Katalon_Studio_Windows_64-8.6.9\configuration\resources\drivers\chromedriver_win32\chromedriver.exe

2024-08-04 13:59:42 - [MESSAGE][PASSED] - Current window maximized

2024-08-04 13:59:43 - [MESSAGE][PASSED] - Execute JavaScript 'window.open();' successfully

2024-08-04 13:59:43 - [MESSAGE][PASSED] - Switched to window with index: '1'

2024-08-04 13:59:43 - [MESSAGE][PASSED] - general.start is PASSED

2024-08-04 13:59:43 - [TEST_STEP][PASSED] - click(findTestObject("Object Repository/Login/LoginButton")): Object: 'Object Repository/Login/LoginButton' is clicked on

2024-08-04 13:59:44 - [MESSAGE][PASSED] - Object: 'Object Repository/Login/LoginButton' is clicked on

2024-08-04 13:59:44 - [TEST_STEP][PASSED] - switchToWindowIndex(2): Switched to window with index: '2'

2024-08-04 13:59:44 - [MESSAGE][PASSED] - Switched to window with index: '2'

2024-08-04 13:59:44 - [TEST_STEP][PASSED] - delay(1): Delayed 1 second(s)

2024-08-04 13:59:46 - [MESSAGE][PASSED] - Delayed 1 second(s)

2024-08-04 13:59:46 - [TEST_STEP][PASSED] - sendKeys(findTestObject("Object Repository/Login/EnterEmail"), "homam@zztjg.onmicrosoft.com"): Keys 'homam@zztjg.onmicrosoft.com' sent to object: 'Object Repository/Login/EnterEmail'

2024-08-04 13:59:47 - [MESSAGE][PASSED] - Keys 'homam@zztjg.onmicrosoft.com' sent to object: 'Object Repository/Login/EnterEmail'

2024-08-04 13:59:47 - [TEST_STEP][PASSED] - delay(1): Delayed 1 second(s)

2024-08-04 13:59:48 - [MESSAGE][PASSED] - Delayed 1 second(s)

2024-08-04 13:59:48 - [TEST_STEP][PASSED] - click(findTestObject("Object Repository/Login/NextButton")): Object: 'Object Repository/Login/NextButton' is clicked on

2024-08-04 13:59:48 - [MESSAGE][PASSED] - Object: 'Object Repository/Login/NextButton' is clicked on

2024-08-04 13:59:48 - [TEST_STEP][PASSED] - delay(2): Delayed 2 second(s)

2024-08-04 13:59:50 - [MESSAGE][PASSED] - Delayed 2 second(s)

2024-08-04 13:59:50 - [TEST_STEP][PASSED] - sendKeys(findTestObject("Object Repository/Login/EnterPassword"), "Holder12345"): Keys 'Holder12345' sent to object: 'Object Repository/Login/EnterPassword'

2024-08-04 13:59:50 - [MESSAGE][PASSED] - Keys 'Holder12345' sent to object: 'Object Repository/Login/EnterPassword'

2024-08-04 13:59:50 - [TEST_STEP][PASSED] - delay(1): Delayed 1 second(s)

2024-08-04 13:59:51 - [MESSAGE][PASSED] - Delayed 1 second(s)

2024-08-04 13:59:51 - [TEST_STEP][PASSED] - click(findTestObject("Object Repository/Login/SigninButton")): Object: 'Object Repository/Login/SigninButton' is clicked on

2024-08-04 13:59:52 - [MESSAGE][PASSED] - Object: 'Object Repository/Login/SigninButton' is clicked on

2024-08-04 13:59:52 - [TEST_STEP][PASSED] - delay(1): Delayed 1 second(s)

2024-08-04 13:59:53 - [MESSAGE][PASSED] - Delayed 1 second(s)

2024-08-04 13:59:53 - [TEST_STEP][PASSED] - click(findTestObject("Object Repository/Login/YesStayInButton")): Object: 'Object Repository/Login/YesStayInButton' is clicked on

2024-08-04 13:59:53 - [MESSAGE][PASSED] - Object: 'Object Repository/Login/YesStayInButton' is clicked on

2024-08-04 13:59:53 - [MESSAGE][PASSED] - Call Test Case 'Test Cases/Login' successfully

2024-08-04 13:59:53 - [TEST_STEP][PASSED] - switchToWindowIndex(1): Switched to window with index: '1'

2024-08-04 13:59:53 - [MESSAGE][PASSED] - Switched to window with index: '1'

2024-08-04 13:59:53 - [TEST_STEP][PASSED] - PMHwaueiTopX.TopX("2G", "PLMN", false, "Daily", false, null): PMHwaueiTopX.TopX is PASSED

2024-08-04 13:59:54 - [MESSAGE][PASSED] - Object: 'Object Repository/PM/PM-Button' is clicked on

2024-08-04 13:59:54 - [MESSAGE][PASSED] - Switched to window with index: '2'

2024-08-04 13:59:55 - [MESSAGE][PASSED] - Object: 'Object Repository/PM/Huawei-vendor/Data-view/TopX' is clicked on

2024-08-04 13:59:55 - [MESSAGE][PASSED] - Object: 'Object Repository/PM/Huawei-vendor/Technology/Technology-Arrow' is clicked on

2024-08-04 13:59:55 - [MESSAGE][PASSED] - Object: 'Object Repository/PM/Huawei-vendor/Technology/2G' is clicked on

2024-08-04 13:59:55 - [MESSAGE][PASSED] - Object: 'Object Repository/PM/Huawei-vendor/TopX/TopX Object Type' is clicked on

2024-08-04 13:59:56 - [MESSAGE][PASSED] - Delayed 1 second(s)

2024-08-04 13:59:57 - [MESSAGE][PASSED] - Object: 'Object Repository/PM/Huawei-vendor/Object-Type/TopX Object Types/TopX PLMNs/TopX PLMN' is clicked on

2024-08-04 13:59:58 - [MESSAGE][PASSED] - Delayed 1 second(s)

2024-08-04 13:59:58 - [MESSAGE][PASSED] - Object: 'Object Repository/PM/Huawei-vendor/Object-Type/TopX Object Types/TopX PLMNs/TopX PLMN checkbox' is clicked on

2024-08-04 13:59:58 - [MESSAGE][WARNING] - Timeout '0' is invalid. Using default page load timeout: '120'

2024-08-04 13:59:58 - [MESSAGE][PASSED] - Scroll to object 'Object Repository/PM/Huawei-vendor/LowXlabel' successfully

2024-08-04 13:59:58 - [MESSAGE][PASSED] - Object: 'Object Repository/PM/Huawei-vendor/Resolution Temp/Select Resolution temp' is clicked on

2024-08-04 13:59:58 - [MESSAGE][PASSED] - Object: 'Object Repository/PM/Huawei-vendor/Resolution Temp/Resolution Temp Daily' is clicked on

2024-08-04 13:59:58 - [MESSAGE][PASSED] - Object: 'Object Repository/PM/Huawei-vendor/TopX/TopXDate/BeforeDate' is clicked on

2024-08-04 13:59:59 - [MESSAGE][PASSED] - Delayed 1 second(s)

2024-08-04 13:59:59 - [MESSAGE][PASSED] - Object: 'Object Repository/PM/Huawei-vendor/TopX/TopXDate/Choose Month' is clicked on

2024-08-04 14:00:00 - [MESSAGE][PASSED] - Delayed 1 second(s)

2024-08-04 14:00:01 - [MESSAGE][PASSED] - Object: 'Object Repository/PM/Huawei-vendor/TopX/TopXDate/Feb' is clicked on

2024-08-04 14:00:01 - [MESSAGE][PASSED] - Object: 'Object Repository/PM/Huawei-vendor/TopX/TopXDate/Day 1' is clicked on

2024-08-04 14:00:01 - [MESSAGE][PASSED] - Object: 'Object Repository/PM/Huawei-vendor/TopX/TopXDate/Button OK' is clicked on

2024-08-04 14:00:01 - [MESSAGE][PASSED] - Object: 'Object Repository/PM/Huawei-vendor/TopX/TopXDate/After Date' is clicked on

2024-08-04 14:00:02 - [MESSAGE][PASSED] - Delayed 1 second(s)

2024-08-04 14:00:02 - [MESSAGE][PASSED] - Object: 'Object Repository/PM/Huawei-vendor/TopX/TopXDate/Choose Month' is clicked on

2024-08-04 14:00:03 - [MESSAGE][PASSED] - Delayed 1 second(s)

2024-08-04 14:00:04 - [MESSAGE][PASSED] - Object: 'Object Repository/PM/Huawei-vendor/TopX/TopXDate/Feb' is clicked on

2024-08-04 14:00:04 - [MESSAGE][PASSED] - Object: 'Object Repository/PM/Huawei-vendor/TopX/TopXDate/Day 7' is clicked on

2024-08-04 14:00:04 - [MESSAGE][PASSED] - Object: 'Object Repository/PM/Huawei-vendor/TopX/TopXDate/Button OK' is clicked on

2024-08-04 14:00:04 - [MESSAGE][PASSED] - Object: 'Object Repository/PM/Huawei-vendor/Apply-Button' is clicked on

2024-08-04 14:00:04 - [MESSAGE][WARNING] - Timeout '0' is invalid. Using default page load timeout: '120'

2024-08-04 14:00:04 - [MESSAGE][PASSED] - Web element with id: 'Object Repository/PM/Huawei-vendor/Error' located by 'By.xpath: //div[@class='toast-summary title-medium-m']' is not present after '120' second(s)

2024-08-04 14:00:04 - [MESSAGE][WARNING] - Timeout '0' is invalid. Using default page load timeout: '120'

2024-08-04 14:00:08 - [MESSAGE][PASSED] - Object 'Object Repository/PM/Huawei-vendor/Chart' is present

2024-08-04 14:00:08 - [MESSAGE][WARNING] - Timeout '0' is invalid. Using default page load timeout: '120'

2024-08-04 14:00:08 - [MESSAGE][PASSED] - Object 'Object Repository/PM/Huawei-vendor/TopX/TopX Export Chart' is present

2024-08-04 14:00:09 - [MESSAGE][WARNING] - Timeout '0' is invalid. Using default page load timeout: '120'

2024-08-04 14:00:09 - [MESSAGE][PASSED] - Object 'Object Repository/PM/Huawei-vendor/TopX/Table View' is present

2024-08-04 14:00:09 - [MESSAGE][PASSED] - Object: 'Object Repository/PM/Huawei-vendor/TopX/Table View' is clicked on

2024-08-04 14:00:09 - [MESSAGE][PASSED] - Object: 'Object Repository/PM/Huawei-vendor/TopX/Reordering the table view' is clicked on

2024-08-04 14:00:10 - [MESSAGE][PASSED] - Browser is closed

2024-08-04 14:00:10 - [MESSAGE][PASSED] - PMHwaueiTopX.TopX is PASSED]]></system-out>
         <system-err><![CDATA[]]></system-err>
      </testcase>
      <testcase name="Test Cases/PM/Hwauei/TopX/2G TopX/XPLMN/TopX 2G PLMN DailyBH" time="144.904" classname="Test Cases/PM/Hwauei/TopX/2G TopX/XPLMN/TopX 2G PLMN DailyBH" status="FAILED">
         <failure type="FAILED" message="Test Cases/PM/Hwauei/TopX/2G TopX/XPLMN/TopX 2G PLMN DailyBH FAILED.
Reason:
com.kms.katalon.core.exception.StepFailedException: Unable to verify object 'Object Repository/PM/Huawei-vendor/Chart' is present
	at com.kms.katalon.core.webui.keyword.internal.WebUIKeywordMain.stepFailed(WebUIKeywordMain.groovy:64)
	at com.kms.katalon.core.webui.keyword.internal.WebUIKeywordMain.runKeyword(WebUIKeywordMain.groovy:26)
	at com.kms.katalon.core.webui.keyword.builtin.VerifyElementPresentKeyword.verifyElementPresent(VerifyElementPresentKeyword.groovy:92)
	at com.kms.katalon.core.webui.keyword.builtin.VerifyElementPresentKeyword.execute(VerifyElementPresentKeyword.groovy:68)
	at com.kms.katalon.core.keyword.internal.KeywordExecutor.executeKeywordForPlatform(KeywordExecutor.groovy:74)
	at com.kms.katalon.core.webui.keyword.WebUiBuiltInKeywords.verifyElementPresent(WebUiBuiltInKeywords.groovy:1464)
	at com.kms.katalon.core.webui.keyword.WebUiBuiltInKeywords$verifyElementPresent$6.call(Unknown Source)
	at PMHwaueiTopX.TopX(PMHwaueiTopX.groovy:1593)
	at PMHwaueiTopX.invokeMethod(PMHwaueiTopX.groovy)
	at com.kms.katalon.core.main.CustomKeywordDelegatingMetaClass.invokeStaticMethod(CustomKeywordDelegatingMetaClass.java:55)
	at TopX 2G PLMN DailyBH.run(TopX 2G PLMN DailyBH:29)
	at com.kms.katalon.core.main.ScriptEngine.run(ScriptEngine.java:194)
	at com.kms.katalon.core.main.ScriptEngine.runScriptAsRawText(ScriptEngine.java:119)
	at com.kms.katalon.core.main.TestCaseExecutor.runScript(TestCaseExecutor.java:448)
	at com.kms.katalon.core.main.TestCaseExecutor.doExecute(TestCaseExecutor.java:439)
	at com.kms.katalon.core.main.TestCaseExecutor.processExecutionPhase(TestCaseExecutor.java:418)
	at com.kms.katalon.core.main.TestCaseExecutor.accessMainPhase(TestCaseExecutor.java:410)
	at com.kms.katalon.core.main.TestCaseExecutor.execute(TestCaseExecutor.java:285)
	at com.kms.katalon.core.common.CommonExecutor.accessTestCaseMainPhase(CommonExecutor.java:65)
	at com.kms.katalon.core.main.TestSuiteExecutor.accessTestSuiteMainPhase(TestSuiteExecutor.java:148)
	at com.kms.katalon.core.main.TestSuiteExecutor.execute(TestSuiteExecutor.java:106)
	at com.kms.katalon.core.main.TestCaseMain.startTestSuite(TestCaseMain.java:187)
	at com.kms.katalon.core.main.TestCaseMain$startTestSuite$0.call(Unknown Source)
	at TempTestSuite1722769113368.run(TempTestSuite1722769113368.groovy:35)
Caused by: com.kms.katalon.core.exception.StepFailedException: com.kms.katalon.core.webui.exception.WebElementNotFoundException: Web element with id: 'Object Repository/PM/Huawei-vendor/Chart' located by '//*[@id=&quot;chart-container&quot;]/div/app-main-chart-component[1]/div/div[2]/div[2]/div/div/div[1]/canvas' not found
	at com.kms.katalon.core.webui.keyword.internal.WebUIKeywordMain.stepFailed(WebUIKeywordMain.groovy:64)
	at com.kms.katalon.core.webui.keyword.builtin.VerifyElementPresentKeyword$_verifyElementPresent_closure1.doCall(VerifyElementPresentKeyword.groovy:85)
	at com.kms.katalon.core.webui.keyword.builtin.VerifyElementPresentKeyword$_verifyElementPresent_closure1.call(VerifyElementPresentKeyword.groovy)
	at com.kms.katalon.core.webui.keyword.internal.WebUIKeywordMain.runKeyword(WebUIKeywordMain.groovy:20)
	... 22 more
"/>
         <system-out><![CDATA[2024-08-04 14:00:10 - [TEST_CASE][FAILED] - Test Cases/PM/Hwauei/TopX/2G TopX/XPLMN/TopX 2G PLMN DailyBH: Test Cases/PM/Hwauei/TopX/2G TopX/XPLMN/TopX 2G PLMN DailyBH FAILED.
Reason:
com.kms.katalon.core.exception.StepFailedException: Unable to verify object 'Object Repository/PM/Huawei-vendor/Chart' is present
	at com.kms.katalon.core.webui.keyword.internal.WebUIKeywordMain.stepFailed(WebUIKeywordMain.groovy:64)
	at com.kms.katalon.core.webui.keyword.internal.WebUIKeywordMain.runKeyword(WebUIKeywordMain.groovy:26)
	at com.kms.katalon.core.webui.keyword.builtin.VerifyElementPresentKeyword.verifyElementPresent(VerifyElementPresentKeyword.groovy:92)
	at com.kms.katalon.core.webui.keyword.builtin.VerifyElementPresentKeyword.execute(VerifyElementPresentKeyword.groovy:68)
	at com.kms.katalon.core.keyword.internal.KeywordExecutor.executeKeywordForPlatform(KeywordExecutor.groovy:74)
	at com.kms.katalon.core.webui.keyword.WebUiBuiltInKeywords.verifyElementPresent(WebUiBuiltInKeywords.groovy:1464)
	at com.kms.katalon.core.webui.keyword.WebUiBuiltInKeywords$verifyElementPresent$6.call(Unknown Source)
	at PMHwaueiTopX.TopX(PMHwaueiTopX.groovy:1593)
	at PMHwaueiTopX.invokeMethod(PMHwaueiTopX.groovy)
	at com.kms.katalon.core.main.CustomKeywordDelegatingMetaClass.invokeStaticMethod(CustomKeywordDelegatingMetaClass.java:55)
	at TopX 2G PLMN DailyBH.run(TopX 2G PLMN DailyBH:29)
	at com.kms.katalon.core.main.ScriptEngine.run(ScriptEngine.java:194)
	at com.kms.katalon.core.main.ScriptEngine.runScriptAsRawText(ScriptEngine.java:119)
	at com.kms.katalon.core.main.TestCaseExecutor.runScript(TestCaseExecutor.java:448)
	at com.kms.katalon.core.main.TestCaseExecutor.doExecute(TestCaseExecutor.java:439)
	at com.kms.katalon.core.main.TestCaseExecutor.processExecutionPhase(TestCaseExecutor.java:418)
	at com.kms.katalon.core.main.TestCaseExecutor.accessMainPhase(TestCaseExecutor.java:410)
	at com.kms.katalon.core.main.TestCaseExecutor.execute(TestCaseExecutor.java:285)
	at com.kms.katalon.core.common.CommonExecutor.accessTestCaseMainPhase(CommonExecutor.java:65)
	at com.kms.katalon.core.main.TestSuiteExecutor.accessTestSuiteMainPhase(TestSuiteExecutor.java:148)
	at com.kms.katalon.core.main.TestSuiteExecutor.execute(TestSuiteExecutor.java:106)
	at com.kms.katalon.core.main.TestCaseMain.startTestSuite(TestCaseMain.java:187)
	at com.kms.katalon.core.main.TestCaseMain$startTestSuite$0.call(Unknown Source)
	at TempTestSuite1722769113368.run(TempTestSuite1722769113368.groovy:35)
Caused by: com.kms.katalon.core.exception.StepFailedException: com.kms.katalon.core.webui.exception.WebElementNotFoundException: Web element with id: 'Object Repository/PM/Huawei-vendor/Chart' located by '//*[@id="chart-container"]/div/app-main-chart-component[1]/div/div[2]/div[2]/div/div/div[1]/canvas' not found
	at com.kms.katalon.core.webui.keyword.internal.WebUIKeywordMain.stepFailed(WebUIKeywordMain.groovy:64)
	at com.kms.katalon.core.webui.keyword.builtin.VerifyElementPresentKeyword$_verifyElementPresent_closure1.doCall(VerifyElementPresentKeyword.groovy:85)
	at com.kms.katalon.core.webui.keyword.builtin.VerifyElementPresentKeyword$_verifyElementPresent_closure1.call(VerifyElementPresentKeyword.groovy)
	at com.kms.katalon.core.webui.keyword.internal.WebUIKeywordMain.runKeyword(WebUIKeywordMain.groovy:20)
	... 22 more


2024-08-04 14:00:10 - [TEST_STEP][PASSED] - callTestCase(findTestCase("Login"), [:], STOP_ON_FAILURE): Call Test Case 'Test Cases/Login' successfully

2024-08-04 14:00:10 - [TEST_CASE][PASSED] - Test Cases/Login: Test Cases/Login

2024-08-04 14:00:10 - [TEST_STEP][PASSED] - driver = general.start(SwagerURL, NetCellURL): general.start is PASSED

2024-08-04 14:00:10 - [MESSAGE][INFO] - >>> chromeDriverPath=C:\Users\FatimaIbeid\.katalon\packages\Katalon_Studio_Windows_64-8.6.9\Katalon_Studio_Windows_64-8.6.9\configuration\resources\drivers\chromedriver_win32\chromedriver.exe

2024-08-04 14:00:11 - [MESSAGE][PASSED] - Current window maximized

2024-08-04 14:00:12 - [MESSAGE][PASSED] - Execute JavaScript 'window.open();' successfully

2024-08-04 14:00:12 - [MESSAGE][PASSED] - Switched to window with index: '1'

2024-08-04 14:00:13 - [MESSAGE][PASSED] - general.start is PASSED

2024-08-04 14:00:13 - [TEST_STEP][PASSED] - click(findTestObject("Object Repository/Login/LoginButton")): Object: 'Object Repository/Login/LoginButton' is clicked on

2024-08-04 14:00:13 - [MESSAGE][PASSED] - Object: 'Object Repository/Login/LoginButton' is clicked on

2024-08-04 14:00:13 - [TEST_STEP][PASSED] - switchToWindowIndex(2): Switched to window with index: '2'

2024-08-04 14:00:13 - [MESSAGE][PASSED] - Switched to window with index: '2'

2024-08-04 14:00:13 - [TEST_STEP][PASSED] - delay(1): Delayed 1 second(s)

2024-08-04 14:00:14 - [MESSAGE][PASSED] - Delayed 1 second(s)

2024-08-04 14:00:14 - [TEST_STEP][PASSED] - sendKeys(findTestObject("Object Repository/Login/EnterEmail"), "homam@zztjg.onmicrosoft.com"): Keys 'homam@zztjg.onmicrosoft.com' sent to object: 'Object Repository/Login/EnterEmail'

2024-08-04 14:00:16 - [MESSAGE][PASSED] - Keys 'homam@zztjg.onmicrosoft.com' sent to object: 'Object Repository/Login/EnterEmail'

2024-08-04 14:00:16 - [TEST_STEP][PASSED] - delay(1): Delayed 1 second(s)

2024-08-04 14:00:17 - [MESSAGE][PASSED] - Delayed 1 second(s)

2024-08-04 14:00:17 - [TEST_STEP][PASSED] - click(findTestObject("Object Repository/Login/NextButton")): Object: 'Object Repository/Login/NextButton' is clicked on

2024-08-04 14:00:17 - [MESSAGE][PASSED] - Object: 'Object Repository/Login/NextButton' is clicked on

2024-08-04 14:00:17 - [TEST_STEP][PASSED] - delay(2): Delayed 2 second(s)

2024-08-04 14:00:19 - [MESSAGE][PASSED] - Delayed 2 second(s)

2024-08-04 14:00:19 - [TEST_STEP][PASSED] - sendKeys(findTestObject("Object Repository/Login/EnterPassword"), "Holder12345"): Keys 'Holder12345' sent to object: 'Object Repository/Login/EnterPassword'

2024-08-04 14:00:19 - [MESSAGE][PASSED] - Keys 'Holder12345' sent to object: 'Object Repository/Login/EnterPassword'

2024-08-04 14:00:19 - [TEST_STEP][PASSED] - delay(1): Delayed 1 second(s)

2024-08-04 14:00:20 - [MESSAGE][PASSED] - Delayed 1 second(s)

2024-08-04 14:00:20 - [TEST_STEP][PASSED] - click(findTestObject("Object Repository/Login/SigninButton")): Object: 'Object Repository/Login/SigninButton' is clicked on

2024-08-04 14:00:21 - [MESSAGE][PASSED] - Object: 'Object Repository/Login/SigninButton' is clicked on

2024-08-04 14:00:21 - [TEST_STEP][PASSED] - delay(1): Delayed 1 second(s)

2024-08-04 14:00:22 - [MESSAGE][PASSED] - Delayed 1 second(s)

2024-08-04 14:00:22 - [TEST_STEP][PASSED] - click(findTestObject("Object Repository/Login/YesStayInButton")): Object: 'Object Repository/Login/YesStayInButton' is clicked on

2024-08-04 14:00:22 - [MESSAGE][PASSED] - Object: 'Object Repository/Login/YesStayInButton' is clicked on

2024-08-04 14:00:22 - [MESSAGE][PASSED] - Call Test Case 'Test Cases/Login' successfully

2024-08-04 14:00:22 - [TEST_STEP][PASSED] - switchToWindowIndex(1): Switched to window with index: '1'

2024-08-04 14:00:22 - [MESSAGE][PASSED] - Switched to window with index: '1'

2024-08-04 14:00:22 - [TEST_STEP][FAILED] - PMHwaueiTopX.TopX("2G", "PLMN", false, "DailyBH", false, null): Unable to verify object 'Object Repository/PM/Huawei-vendor/Chart' is present

2024-08-04 14:00:23 - [MESSAGE][PASSED] - Object: 'Object Repository/PM/PM-Button' is clicked on

2024-08-04 14:00:23 - [MESSAGE][PASSED] - Switched to window with index: '2'

2024-08-04 14:00:24 - [MESSAGE][PASSED] - Object: 'Object Repository/PM/Huawei-vendor/Data-view/TopX' is clicked on

2024-08-04 14:00:24 - [MESSAGE][PASSED] - Object: 'Object Repository/PM/Huawei-vendor/Technology/Technology-Arrow' is clicked on

2024-08-04 14:00:24 - [MESSAGE][PASSED] - Object: 'Object Repository/PM/Huawei-vendor/Technology/2G' is clicked on

2024-08-04 14:00:24 - [MESSAGE][PASSED] - Object: 'Object Repository/PM/Huawei-vendor/TopX/TopX Object Type' is clicked on

2024-08-04 14:00:25 - [MESSAGE][PASSED] - Delayed 1 second(s)

2024-08-04 14:00:26 - [MESSAGE][PASSED] - Object: 'Object Repository/PM/Huawei-vendor/Object-Type/TopX Object Types/TopX PLMNs/TopX PLMN' is clicked on

2024-08-04 14:00:27 - [MESSAGE][PASSED] - Delayed 1 second(s)

2024-08-04 14:00:27 - [MESSAGE][PASSED] - Object: 'Object Repository/PM/Huawei-vendor/Object-Type/TopX Object Types/TopX PLMNs/TopX PLMN checkbox' is clicked on

2024-08-04 14:00:27 - [MESSAGE][WARNING] - Timeout '0' is invalid. Using default page load timeout: '120'

2024-08-04 14:00:27 - [MESSAGE][PASSED] - Scroll to object 'Object Repository/PM/Huawei-vendor/LowXlabel' successfully

2024-08-04 14:00:27 - [MESSAGE][PASSED] - Object: 'Object Repository/PM/Huawei-vendor/Resolution Temp/Select Resolution temp' is clicked on

2024-08-04 14:00:27 - [MESSAGE][PASSED] - Object: 'Object Repository/PM/Huawei-vendor/Resolution Temp/Resolution Temp DailyBH' is clicked on

2024-08-04 14:00:27 - [MESSAGE][PASSED] - Object: 'Object Repository/PM/Huawei-vendor/TopX/TopXDate/BeforeDate' is clicked on

2024-08-04 14:00:28 - [MESSAGE][PASSED] - Delayed 1 second(s)

2024-08-04 14:00:28 - [MESSAGE][PASSED] - Object: 'Object Repository/PM/Huawei-vendor/TopX/TopXDate/Choose Month' is clicked on

2024-08-04 14:00:29 - [MESSAGE][PASSED] - Delayed 1 second(s)

2024-08-04 14:00:30 - [MESSAGE][PASSED] - Object: 'Object Repository/PM/Huawei-vendor/TopX/TopXDate/Feb' is clicked on

2024-08-04 14:00:30 - [MESSAGE][PASSED] - Object: 'Object Repository/PM/Huawei-vendor/TopX/TopXDate/Day 1' is clicked on

2024-08-04 14:00:30 - [MESSAGE][PASSED] - Object: 'Object Repository/PM/Huawei-vendor/TopX/TopXDate/Button OK' is clicked on

2024-08-04 14:00:30 - [MESSAGE][PASSED] - Object: 'Object Repository/PM/Huawei-vendor/TopX/TopXDate/After Date' is clicked on

2024-08-04 14:00:31 - [MESSAGE][PASSED] - Delayed 1 second(s)

2024-08-04 14:00:31 - [MESSAGE][PASSED] - Object: 'Object Repository/PM/Huawei-vendor/TopX/TopXDate/Choose Month' is clicked on

2024-08-04 14:00:32 - [MESSAGE][PASSED] - Delayed 1 second(s)

2024-08-04 14:00:32 - [MESSAGE][PASSED] - Object: 'Object Repository/PM/Huawei-vendor/TopX/TopXDate/Feb' is clicked on

2024-08-04 14:00:33 - [MESSAGE][PASSED] - Object: 'Object Repository/PM/Huawei-vendor/TopX/TopXDate/Day 7' is clicked on

2024-08-04 14:00:33 - [MESSAGE][PASSED] - Object: 'Object Repository/PM/Huawei-vendor/TopX/TopXDate/Button OK' is clicked on

2024-08-04 14:00:33 - [MESSAGE][PASSED] - Object: 'Object Repository/PM/Huawei-vendor/Apply-Button' is clicked on

2024-08-04 14:00:33 - [MESSAGE][WARNING] - Timeout '0' is invalid. Using default page load timeout: '120'

2024-08-04 14:00:33 - [MESSAGE][PASSED] - Web element with id: 'Object Repository/PM/Huawei-vendor/Error' located by 'By.xpath: //div[@class='toast-summary title-medium-m']' is not present after '120' second(s)

2024-08-04 14:00:33 - [MESSAGE][WARNING] - Timeout '0' is invalid. Using default page load timeout: '120'

2024-08-04 14:02:34 - [MESSAGE][INFO] - Unable to find the element located by 'By.xpath: //*[@id="chart-container"]/div/app-main-chart-component[1]/div/div[2]/div[2]/div/div/div[1]/canvas'. Please recheck the objects properties to make sure the desired element is located. 

2024-08-04 14:02:34 - [MESSAGE][FAILED] - com.kms.katalon.core.webui.exception.WebElementNotFoundException: Web element with id: 'Object Repository/PM/Huawei-vendor/Chart' located by '//*[@id="chart-container"]/div/app-main-chart-component[1]/div/div[2]/div[2]/div/div/div[1]/canvas' not found (Root cause: com.kms.katalon.core.exception.StepFailedException: com.kms.katalon.core.webui.exception.WebElementNotFoundException: Web element with id: 'Object Repository/PM/Huawei-vendor/Chart' located by '//*[@id="chart-container"]/div/app-main-chart-component[1]/div/div[2]/div[2]/div/div/div[1]/canvas' not found
	at com.kms.katalon.core.webui.keyword.internal.WebUIKeywordMain.stepFailed(WebUIKeywordMain.groovy:64)
	at com.kms.katalon.core.webui.keyword.builtin.VerifyElementPresentKeyword$_verifyElementPresent_closure1.doCall(VerifyElementPresentKeyword.groovy:85)
	at com.kms.katalon.core.webui.keyword.builtin.VerifyElementPresentKeyword$_verifyElementPresent_closure1.call(VerifyElementPresentKeyword.groovy)
	at com.kms.katalon.core.webui.keyword.internal.WebUIKeywordMain.runKeyword(WebUIKeywordMain.groovy:20)
	at com.kms.katalon.core.webui.keyword.builtin.VerifyElementPresentKeyword.verifyElementPresent(VerifyElementPresentKeyword.groovy:92)
	at com.kms.katalon.core.webui.keyword.builtin.VerifyElementPresentKeyword.execute(VerifyElementPresentKeyword.groovy:68)
	at com.kms.katalon.core.keyword.internal.KeywordExecutor.executeKeywordForPlatform(KeywordExecutor.groovy:74)
	at com.kms.katalon.core.webui.keyword.WebUiBuiltInKeywords.verifyElementPresent(WebUiBuiltInKeywords.groovy:1464)
	at com.kms.katalon.core.webui.keyword.WebUiBuiltInKeywords$verifyElementPresent$6.call(Unknown Source)
	at PMHwaueiTopX.TopX(PMHwaueiTopX.groovy:1593)
	at PMHwaueiTopX.invokeMethod(PMHwaueiTopX.groovy)
	at com.kms.katalon.core.main.CustomKeywordDelegatingMetaClass.invokeStaticMethod(CustomKeywordDelegatingMetaClass.java:55)
	at TopX 2G PLMN DailyBH.run(TopX 2G PLMN DailyBH:29)
	at com.kms.katalon.core.main.ScriptEngine.run(ScriptEngine.java:194)
	at com.kms.katalon.core.main.ScriptEngine.runScriptAsRawText(ScriptEngine.java:119)
	at com.kms.katalon.core.main.TestCaseExecutor.runScript(TestCaseExecutor.java:448)
	at com.kms.katalon.core.main.TestCaseExecutor.doExecute(TestCaseExecutor.java:439)
	at com.kms.katalon.core.main.TestCaseExecutor.processExecutionPhase(TestCaseExecutor.java:418)
	at com.kms.katalon.core.main.TestCaseExecutor.accessMainPhase(TestCaseExecutor.java:410)
	at com.kms.katalon.core.main.TestCaseExecutor.execute(TestCaseExecutor.java:285)
	at com.kms.katalon.core.common.CommonExecutor.accessTestCaseMainPhase(CommonExecutor.java:65)
	at com.kms.katalon.core.main.TestSuiteExecutor.accessTestSuiteMainPhase(TestSuiteExecutor.java:148)
	at com.kms.katalon.core.main.TestSuiteExecutor.execute(TestSuiteExecutor.java:106)
	at com.kms.katalon.core.main.TestCaseMain.startTestSuite(TestCaseMain.java:187)
	at com.kms.katalon.core.main.TestCaseMain$startTestSuite$0.call(Unknown Source)
	at TempTestSuite1722769113368.run(TempTestSuite1722769113368.groovy:35)
)
[[ATTACHMENT|C:\\Users\\FatimaIbeid\\git\\NetCell\\Reports\\20240804_135833\\PM\\Hwauei\\TopX\\Regression TopX 2G\\20240804_135833\\1722769354763.png]]

2024-08-04 14:02:35 - [MESSAGE][FAILED] - Unable to verify object 'Object Repository/PM/Huawei-vendor/Chart' is present (Root cause: com.kms.katalon.core.exception.StepFailedException: Unable to verify object 'Object Repository/PM/Huawei-vendor/Chart' is present
	at com.kms.katalon.core.webui.keyword.internal.WebUIKeywordMain.stepFailed(WebUIKeywordMain.groovy:64)
	at com.kms.katalon.core.webui.keyword.internal.WebUIKeywordMain.runKeyword(WebUIKeywordMain.groovy:26)
	at com.kms.katalon.core.webui.keyword.builtin.VerifyElementPresentKeyword.verifyElementPresent(VerifyElementPresentKeyword.groovy:92)
	at com.kms.katalon.core.webui.keyword.builtin.VerifyElementPresentKeyword.execute(VerifyElementPresentKeyword.groovy:68)
	at com.kms.katalon.core.keyword.internal.KeywordExecutor.executeKeywordForPlatform(KeywordExecutor.groovy:74)
	at com.kms.katalon.core.webui.keyword.WebUiBuiltInKeywords.verifyElementPresent(WebUiBuiltInKeywords.groovy:1464)
	at com.kms.katalon.core.webui.keyword.WebUiBuiltInKeywords$verifyElementPresent$6.call(Unknown Source)
	at PMHwaueiTopX.TopX(PMHwaueiTopX.groovy:1593)
	at PMHwaueiTopX.invokeMethod(PMHwaueiTopX.groovy)
	at com.kms.katalon.core.main.CustomKeywordDelegatingMetaClass.invokeStaticMethod(CustomKeywordDelegatingMetaClass.java:55)
	at TopX 2G PLMN DailyBH.run(TopX 2G PLMN DailyBH:29)
	at com.kms.katalon.core.main.ScriptEngine.run(ScriptEngine.java:194)
	at com.kms.katalon.core.main.ScriptEngine.runScriptAsRawText(ScriptEngine.java:119)
	at com.kms.katalon.core.main.TestCaseExecutor.runScript(TestCaseExecutor.java:448)
	at com.kms.katalon.core.main.TestCaseExecutor.doExecute(TestCaseExecutor.java:439)
	at com.kms.katalon.core.main.TestCaseExecutor.processExecutionPhase(TestCaseExecutor.java:418)
	at com.kms.katalon.core.main.TestCaseExecutor.accessMainPhase(TestCaseExecutor.java:410)
	at com.kms.katalon.core.main.TestCaseExecutor.execute(TestCaseExecutor.java:285)
	at com.kms.katalon.core.common.CommonExecutor.accessTestCaseMainPhase(CommonExecutor.java:65)
	at com.kms.katalon.core.main.TestSuiteExecutor.accessTestSuiteMainPhase(TestSuiteExecutor.java:148)
	at com.kms.katalon.core.main.TestSuiteExecutor.execute(TestSuiteExecutor.java:106)
	at com.kms.katalon.core.main.TestCaseMain.startTestSuite(TestCaseMain.java:187)
	at com.kms.katalon.core.main.TestCaseMain$startTestSuite$0.call(Unknown Source)
	at TempTestSuite1722769113368.run(TempTestSuite1722769113368.groovy:35)
Caused by: com.kms.katalon.core.exception.StepFailedException: com.kms.katalon.core.webui.exception.WebElementNotFoundException: Web element with id: 'Object Repository/PM/Huawei-vendor/Chart' located by '//*[@id="chart-container"]/div/app-main-chart-component[1]/div/div[2]/div[2]/div/div/div[1]/canvas' not found
	at com.kms.katalon.core.webui.keyword.internal.WebUIKeywordMain.stepFailed(WebUIKeywordMain.groovy:64)
	at com.kms.katalon.core.webui.keyword.builtin.VerifyElementPresentKeyword$_verifyElementPresent_closure1.doCall(VerifyElementPresentKeyword.groovy:85)
	at com.kms.katalon.core.webui.keyword.builtin.VerifyElementPresentKeyword$_verifyElementPresent_closure1.call(VerifyElementPresentKeyword.groovy)
	at com.kms.katalon.core.webui.keyword.internal.WebUIKeywordMain.runKeyword(WebUIKeywordMain.groovy:20)
	... 22 more
)
[[ATTACHMENT|C:\\Users\\FatimaIbeid\\git\\NetCell\\Reports\\20240804_135833\\PM\\Hwauei\\TopX\\Regression TopX 2G\\20240804_135833\\1722769354915.png]]

2024-08-04 14:02:35 - [MESSAGE][FAILED] - Unable to verify object 'Object Repository/PM/Huawei-vendor/Chart' is present]]></system-out>
         <system-err><![CDATA[2024-08-04 14:00:10 - [TEST_CASE][FAILED] - Test Cases/PM/Hwauei/TopX/2G TopX/XPLMN/TopX 2G PLMN DailyBH: Test Cases/PM/Hwauei/TopX/2G TopX/XPLMN/TopX 2G PLMN DailyBH FAILED.
Reason:
com.kms.katalon.core.exception.StepFailedException: Unable to verify object 'Object Repository/PM/Huawei-vendor/Chart' is present
	at com.kms.katalon.core.webui.keyword.internal.WebUIKeywordMain.stepFailed(WebUIKeywordMain.groovy:64)
	at com.kms.katalon.core.webui.keyword.internal.WebUIKeywordMain.runKeyword(WebUIKeywordMain.groovy:26)
	at com.kms.katalon.core.webui.keyword.builtin.VerifyElementPresentKeyword.verifyElementPresent(VerifyElementPresentKeyword.groovy:92)
	at com.kms.katalon.core.webui.keyword.builtin.VerifyElementPresentKeyword.execute(VerifyElementPresentKeyword.groovy:68)
	at com.kms.katalon.core.keyword.internal.KeywordExecutor.executeKeywordForPlatform(KeywordExecutor.groovy:74)
	at com.kms.katalon.core.webui.keyword.WebUiBuiltInKeywords.verifyElementPresent(WebUiBuiltInKeywords.groovy:1464)
	at com.kms.katalon.core.webui.keyword.WebUiBuiltInKeywords$verifyElementPresent$6.call(Unknown Source)
	at PMHwaueiTopX.TopX(PMHwaueiTopX.groovy:1593)
	at PMHwaueiTopX.invokeMethod(PMHwaueiTopX.groovy)
	at com.kms.katalon.core.main.CustomKeywordDelegatingMetaClass.invokeStaticMethod(CustomKeywordDelegatingMetaClass.java:55)
	at TopX 2G PLMN DailyBH.run(TopX 2G PLMN DailyBH:29)
	at com.kms.katalon.core.main.ScriptEngine.run(ScriptEngine.java:194)
	at com.kms.katalon.core.main.ScriptEngine.runScriptAsRawText(ScriptEngine.java:119)
	at com.kms.katalon.core.main.TestCaseExecutor.runScript(TestCaseExecutor.java:448)
	at com.kms.katalon.core.main.TestCaseExecutor.doExecute(TestCaseExecutor.java:439)
	at com.kms.katalon.core.main.TestCaseExecutor.processExecutionPhase(TestCaseExecutor.java:418)
	at com.kms.katalon.core.main.TestCaseExecutor.accessMainPhase(TestCaseExecutor.java:410)
	at com.kms.katalon.core.main.TestCaseExecutor.execute(TestCaseExecutor.java:285)
	at com.kms.katalon.core.common.CommonExecutor.accessTestCaseMainPhase(CommonExecutor.java:65)
	at com.kms.katalon.core.main.TestSuiteExecutor.accessTestSuiteMainPhase(TestSuiteExecutor.java:148)
	at com.kms.katalon.core.main.TestSuiteExecutor.execute(TestSuiteExecutor.java:106)
	at com.kms.katalon.core.main.TestCaseMain.startTestSuite(TestCaseMain.java:187)
	at com.kms.katalon.core.main.TestCaseMain$startTestSuite$0.call(Unknown Source)
	at TempTestSuite1722769113368.run(TempTestSuite1722769113368.groovy:35)
Caused by: com.kms.katalon.core.exception.StepFailedException: com.kms.katalon.core.webui.exception.WebElementNotFoundException: Web element with id: 'Object Repository/PM/Huawei-vendor/Chart' located by '//*[@id="chart-container"]/div/app-main-chart-component[1]/div/div[2]/div[2]/div/div/div[1]/canvas' not found
	at com.kms.katalon.core.webui.keyword.internal.WebUIKeywordMain.stepFailed(WebUIKeywordMain.groovy:64)
	at com.kms.katalon.core.webui.keyword.builtin.VerifyElementPresentKeyword$_verifyElementPresent_closure1.doCall(VerifyElementPresentKeyword.groovy:85)
	at com.kms.katalon.core.webui.keyword.builtin.VerifyElementPresentKeyword$_verifyElementPresent_closure1.call(VerifyElementPresentKeyword.groovy)
	at com.kms.katalon.core.webui.keyword.internal.WebUIKeywordMain.runKeyword(WebUIKeywordMain.groovy:20)
	... 22 more]]></system-err>
      </testcase>
      <testcase name="Test Cases/PM/Hwauei/TopX/2G TopX/XRegion/TopX 2G Region default" time="40.722" classname="Test Cases/PM/Hwauei/TopX/2G TopX/XRegion/TopX 2G Region default" status="PASSED">
         <system-out><![CDATA[2024-08-04 14:02:35 - [TEST_CASE][PASSED] - Test Cases/PM/Hwauei/TopX/2G TopX/XRegion/TopX 2G Region default: Test Cases/PM/Hwauei/TopX/2G TopX/XRegion/TopX 2G Region default

2024-08-04 14:02:35 - [TEST_STEP][PASSED] - callTestCase(findTestCase("Login"), [:], STOP_ON_FAILURE): Call Test Case 'Test Cases/Login' successfully

2024-08-04 14:02:35 - [TEST_CASE][PASSED] - Test Cases/Login: Test Cases/Login

2024-08-04 14:02:35 - [TEST_STEP][PASSED] - driver = general.start(SwagerURL, NetCellURL): general.start is PASSED

2024-08-04 14:02:35 - [MESSAGE][INFO] - >>> chromeDriverPath=C:\Users\FatimaIbeid\.katalon\packages\Katalon_Studio_Windows_64-8.6.9\Katalon_Studio_Windows_64-8.6.9\configuration\resources\drivers\chromedriver_win32\chromedriver.exe

2024-08-04 14:02:36 - [MESSAGE][PASSED] - Current window maximized

2024-08-04 14:02:37 - [MESSAGE][PASSED] - Execute JavaScript 'window.open();' successfully

2024-08-04 14:02:37 - [MESSAGE][PASSED] - Switched to window with index: '1'

2024-08-04 14:02:49 - [MESSAGE][PASSED] - general.start is PASSED

2024-08-04 14:02:49 - [TEST_STEP][PASSED] - click(findTestObject("Object Repository/Login/LoginButton")): Object: 'Object Repository/Login/LoginButton' is clicked on

2024-08-04 14:02:50 - [MESSAGE][PASSED] - Object: 'Object Repository/Login/LoginButton' is clicked on

2024-08-04 14:02:50 - [TEST_STEP][PASSED] - switchToWindowIndex(2): Switched to window with index: '2'

2024-08-04 14:02:50 - [MESSAGE][PASSED] - Switched to window with index: '2'

2024-08-04 14:02:50 - [TEST_STEP][PASSED] - delay(1): Delayed 1 second(s)

2024-08-04 14:02:51 - [MESSAGE][PASSED] - Delayed 1 second(s)

2024-08-04 14:02:51 - [TEST_STEP][PASSED] - sendKeys(findTestObject("Object Repository/Login/EnterEmail"), "homam@zztjg.onmicrosoft.com"): Keys 'homam@zztjg.onmicrosoft.com' sent to object: 'Object Repository/Login/EnterEmail'

2024-08-04 14:02:51 - [MESSAGE][PASSED] - Keys 'homam@zztjg.onmicrosoft.com' sent to object: 'Object Repository/Login/EnterEmail'

2024-08-04 14:02:51 - [TEST_STEP][PASSED] - delay(1): Delayed 1 second(s)

2024-08-04 14:02:53 - [MESSAGE][PASSED] - Delayed 1 second(s)

2024-08-04 14:02:53 - [TEST_STEP][PASSED] - click(findTestObject("Object Repository/Login/NextButton")): Object: 'Object Repository/Login/NextButton' is clicked on

2024-08-04 14:02:53 - [MESSAGE][PASSED] - Object: 'Object Repository/Login/NextButton' is clicked on

2024-08-04 14:02:53 - [TEST_STEP][PASSED] - delay(2): Delayed 2 second(s)

2024-08-04 14:02:55 - [MESSAGE][PASSED] - Delayed 2 second(s)

2024-08-04 14:02:55 - [TEST_STEP][PASSED] - sendKeys(findTestObject("Object Repository/Login/EnterPassword"), "Holder12345"): Keys 'Holder12345' sent to object: 'Object Repository/Login/EnterPassword'

2024-08-04 14:02:55 - [MESSAGE][PASSED] - Keys 'Holder12345' sent to object: 'Object Repository/Login/EnterPassword'

2024-08-04 14:02:55 - [TEST_STEP][PASSED] - delay(1): Delayed 1 second(s)

2024-08-04 14:02:56 - [MESSAGE][PASSED] - Delayed 1 second(s)

2024-08-04 14:02:56 - [TEST_STEP][PASSED] - click(findTestObject("Object Repository/Login/SigninButton")): Object: 'Object Repository/Login/SigninButton' is clicked on

2024-08-04 14:02:57 - [MESSAGE][PASSED] - Object: 'Object Repository/Login/SigninButton' is clicked on

2024-08-04 14:02:57 - [TEST_STEP][PASSED] - delay(1): Delayed 1 second(s)

2024-08-04 14:02:58 - [MESSAGE][PASSED] - Delayed 1 second(s)

2024-08-04 14:02:58 - [TEST_STEP][PASSED] - click(findTestObject("Object Repository/Login/YesStayInButton")): Object: 'Object Repository/Login/YesStayInButton' is clicked on

2024-08-04 14:02:58 - [MESSAGE][PASSED] - Object: 'Object Repository/Login/YesStayInButton' is clicked on

2024-08-04 14:02:58 - [MESSAGE][PASSED] - Call Test Case 'Test Cases/Login' successfully

2024-08-04 14:02:58 - [TEST_STEP][PASSED] - switchToWindowIndex(1): Switched to window with index: '1'

2024-08-04 14:02:58 - [MESSAGE][PASSED] - Switched to window with index: '1'

2024-08-04 14:02:58 - [TEST_STEP][PASSED] - PMHwaueiTopX.TopX("2G", "Region", false, "Hourly", false, null): PMHwaueiTopX.TopX is PASSED

2024-08-04 14:02:59 - [MESSAGE][PASSED] - Object: 'Object Repository/PM/PM-Button' is clicked on

2024-08-04 14:02:59 - [MESSAGE][PASSED] - Switched to window with index: '2'

2024-08-04 14:03:02 - [MESSAGE][PASSED] - Object: 'Object Repository/PM/Huawei-vendor/Data-view/TopX' is clicked on

2024-08-04 14:03:02 - [MESSAGE][PASSED] - Object: 'Object Repository/PM/Huawei-vendor/Technology/Technology-Arrow' is clicked on

2024-08-04 14:03:03 - [MESSAGE][PASSED] - Object: 'Object Repository/PM/Huawei-vendor/Technology/2G' is clicked on

2024-08-04 14:03:03 - [MESSAGE][PASSED] - Object: 'Object Repository/PM/Huawei-vendor/TopX/TopX Object Type' is clicked on

2024-08-04 14:03:04 - [MESSAGE][PASSED] - Delayed 1 second(s)

2024-08-04 14:03:04 - [MESSAGE][PASSED] - Object: 'Object Repository/PM/Huawei-vendor/Object-Type/TopX Object Types/TopX Regions/TopX Region' is clicked on

2024-08-04 14:03:05 - [MESSAGE][PASSED] - Delayed 1 second(s)

2024-08-04 14:03:05 - [MESSAGE][WARNING] - Timeout '0' is invalid. Using default page load timeout: '120'

2024-08-04 14:03:05 - [MESSAGE][PASSED] - Scroll to object 'Object Repository/PM/Huawei-vendor/Object Border' successfully

2024-08-04 14:03:05 - [MESSAGE][PASSED] - Object: 'Object Repository/PM/Huawei-vendor/Object-Type/TopX Object Types/TopX Regions/TopX Region East Amman' is clicked on

2024-08-04 14:03:05 - [MESSAGE][PASSED] - Object: 'Object Repository/PM/Huawei-vendor/Object-Type/TopX Object Types/TopX Regions/TopX Region West Amman' is clicked on

2024-08-04 14:03:05 - [MESSAGE][PASSED] - Object: 'Object Repository/PM/Huawei-vendor/Object-Type/TopX Object Types/TopX Regions/TopX Region South Jordan' is clicked on

2024-08-04 14:03:06 - [MESSAGE][PASSED] - Object: 'Object Repository/PM/Huawei-vendor/Object-Type/TopX Object Types/TopX Regions/TopX Region North Jordan' is clicked on

2024-08-04 14:03:06 - [MESSAGE][WARNING] - Timeout '0' is invalid. Using default page load timeout: '120'

2024-08-04 14:03:06 - [MESSAGE][PASSED] - Scroll to object 'Object Repository/PM/Huawei-vendor/LowXlabel' successfully

2024-08-04 14:03:06 - [MESSAGE][PASSED] - Object: 'Object Repository/PM/Huawei-vendor/TopX/TopXDate/BeforeDate' is clicked on

2024-08-04 14:03:07 - [MESSAGE][PASSED] - Delayed 1 second(s)

2024-08-04 14:03:07 - [MESSAGE][PASSED] - Object: 'Object Repository/PM/Huawei-vendor/TopX/TopXDate/Choose Month' is clicked on

2024-08-04 14:03:08 - [MESSAGE][PASSED] - Delayed 1 second(s)

2024-08-04 14:03:08 - [MESSAGE][PASSED] - Object: 'Object Repository/PM/Huawei-vendor/TopX/TopXDate/Feb' is clicked on

2024-08-04 14:03:08 - [MESSAGE][PASSED] - Object: 'Object Repository/PM/Huawei-vendor/TopX/TopXDate/Day 1' is clicked on

2024-08-04 14:03:08 - [MESSAGE][PASSED] - Object: 'Object Repository/PM/Huawei-vendor/TopX/TopXDate/Button OK' is clicked on

2024-08-04 14:03:09 - [MESSAGE][PASSED] - Object: 'Object Repository/PM/Huawei-vendor/TopX/TopXDate/After Date' is clicked on

2024-08-04 14:03:10 - [MESSAGE][PASSED] - Delayed 1 second(s)

2024-08-04 14:03:10 - [MESSAGE][PASSED] - Object: 'Object Repository/PM/Huawei-vendor/TopX/TopXDate/Choose Month' is clicked on

2024-08-04 14:03:11 - [MESSAGE][PASSED] - Delayed 1 second(s)

2024-08-04 14:03:11 - [MESSAGE][PASSED] - Object: 'Object Repository/PM/Huawei-vendor/TopX/TopXDate/Feb' is clicked on

2024-08-04 14:03:11 - [MESSAGE][PASSED] - Object: 'Object Repository/PM/Huawei-vendor/TopX/TopXDate/Day 7' is clicked on

2024-08-04 14:03:11 - [MESSAGE][PASSED] - Object: 'Object Repository/PM/Huawei-vendor/TopX/TopXDate/Button OK' is clicked on

2024-08-04 14:03:11 - [MESSAGE][PASSED] - Object: 'Object Repository/PM/Huawei-vendor/Apply-Button' is clicked on

2024-08-04 14:03:12 - [MESSAGE][WARNING] - Timeout '0' is invalid. Using default page load timeout: '120'

2024-08-04 14:03:12 - [MESSAGE][PASSED] - Web element with id: 'Object Repository/PM/Huawei-vendor/Error' located by 'By.xpath: //div[@class='toast-summary title-medium-m']' is not present after '120' second(s)

2024-08-04 14:03:12 - [MESSAGE][WARNING] - Timeout '0' is invalid. Using default page load timeout: '120'

2024-08-04 14:03:14 - [MESSAGE][PASSED] - Object 'Object Repository/PM/Huawei-vendor/Chart' is present

2024-08-04 14:03:14 - [MESSAGE][WARNING] - Timeout '0' is invalid. Using default page load timeout: '120'

2024-08-04 14:03:14 - [MESSAGE][PASSED] - Object 'Object Repository/PM/Huawei-vendor/TopX/TopX Export Chart' is present

2024-08-04 14:03:14 - [MESSAGE][WARNING] - Timeout '0' is invalid. Using default page load timeout: '120'

2024-08-04 14:03:14 - [MESSAGE][PASSED] - Object 'Object Repository/PM/Huawei-vendor/TopX/Table View' is present

2024-08-04 14:03:14 - [MESSAGE][PASSED] - Object: 'Object Repository/PM/Huawei-vendor/TopX/Table View' is clicked on

2024-08-04 14:03:15 - [MESSAGE][PASSED] - Object: 'Object Repository/PM/Huawei-vendor/TopX/Reordering the table view' is clicked on

2024-08-04 14:03:15 - [MESSAGE][PASSED] - Browser is closed

2024-08-04 14:03:15 - [MESSAGE][PASSED] - PMHwaueiTopX.TopX is PASSED]]></system-out>
         <system-err><![CDATA[]]></system-err>
      </testcase>
      <testcase name="Test Cases/PM/Hwauei/TopX/2G TopX/XRegion/TopX 2G Region with LowX" time="51.958" classname="Test Cases/PM/Hwauei/TopX/2G TopX/XRegion/TopX 2G Region with LowX" status="PASSED">
         <system-out><![CDATA[2024-08-04 14:03:15 - [TEST_CASE][PASSED] - Test Cases/PM/Hwauei/TopX/2G TopX/XRegion/TopX 2G Region with LowX: Test Cases/PM/Hwauei/TopX/2G TopX/XRegion/TopX 2G Region with LowX

2024-08-04 14:03:16 - [TEST_STEP][PASSED] - callTestCase(findTestCase("Login"), [:], STOP_ON_FAILURE): Call Test Case 'Test Cases/Login' successfully

2024-08-04 14:03:16 - [TEST_CASE][PASSED] - Test Cases/Login: Test Cases/Login

2024-08-04 14:03:16 - [TEST_STEP][PASSED] - driver = general.start(SwagerURL, NetCellURL): general.start is PASSED

2024-08-04 14:03:16 - [MESSAGE][INFO] - >>> chromeDriverPath=C:\Users\FatimaIbeid\.katalon\packages\Katalon_Studio_Windows_64-8.6.9\Katalon_Studio_Windows_64-8.6.9\configuration\resources\drivers\chromedriver_win32\chromedriver.exe

2024-08-04 14:03:17 - [MESSAGE][PASSED] - Current window maximized

2024-08-04 14:03:17 - [MESSAGE][PASSED] - Execute JavaScript 'window.open();' successfully

2024-08-04 14:03:17 - [MESSAGE][PASSED] - Switched to window with index: '1'

2024-08-04 14:03:29 - [MESSAGE][PASSED] - general.start is PASSED

2024-08-04 14:03:29 - [TEST_STEP][PASSED] - click(findTestObject("Object Repository/Login/LoginButton")): Object: 'Object Repository/Login/LoginButton' is clicked on

2024-08-04 14:03:29 - [MESSAGE][PASSED] - Object: 'Object Repository/Login/LoginButton' is clicked on

2024-08-04 14:03:29 - [TEST_STEP][PASSED] - switchToWindowIndex(2): Switched to window with index: '2'

2024-08-04 14:03:30 - [MESSAGE][PASSED] - Switched to window with index: '2'

2024-08-04 14:03:30 - [TEST_STEP][PASSED] - delay(1): Delayed 1 second(s)

2024-08-04 14:03:31 - [MESSAGE][PASSED] - Delayed 1 second(s)

2024-08-04 14:03:31 - [TEST_STEP][PASSED] - sendKeys(findTestObject("Object Repository/Login/EnterEmail"), "homam@zztjg.onmicrosoft.com"): Keys 'homam@zztjg.onmicrosoft.com' sent to object: 'Object Repository/Login/EnterEmail'

2024-08-04 14:03:31 - [MESSAGE][PASSED] - Keys 'homam@zztjg.onmicrosoft.com' sent to object: 'Object Repository/Login/EnterEmail'

2024-08-04 14:03:31 - [TEST_STEP][PASSED] - delay(1): Delayed 1 second(s)

2024-08-04 14:03:32 - [MESSAGE][PASSED] - Delayed 1 second(s)

2024-08-04 14:03:32 - [TEST_STEP][PASSED] - click(findTestObject("Object Repository/Login/NextButton")): Object: 'Object Repository/Login/NextButton' is clicked on

2024-08-04 14:03:33 - [MESSAGE][PASSED] - Object: 'Object Repository/Login/NextButton' is clicked on

2024-08-04 14:03:33 - [TEST_STEP][PASSED] - delay(2): Delayed 2 second(s)

2024-08-04 14:03:35 - [MESSAGE][PASSED] - Delayed 2 second(s)

2024-08-04 14:03:35 - [TEST_STEP][PASSED] - sendKeys(findTestObject("Object Repository/Login/EnterPassword"), "Holder12345"): Keys 'Holder12345' sent to object: 'Object Repository/Login/EnterPassword'

2024-08-04 14:03:35 - [MESSAGE][PASSED] - Keys 'Holder12345' sent to object: 'Object Repository/Login/EnterPassword'

2024-08-04 14:03:35 - [TEST_STEP][PASSED] - delay(1): Delayed 1 second(s)

2024-08-04 14:03:36 - [MESSAGE][PASSED] - Delayed 1 second(s)

2024-08-04 14:03:36 - [TEST_STEP][PASSED] - click(findTestObject("Object Repository/Login/SigninButton")): Object: 'Object Repository/Login/SigninButton' is clicked on

2024-08-04 14:03:37 - [MESSAGE][PASSED] - Object: 'Object Repository/Login/SigninButton' is clicked on

2024-08-04 14:03:37 - [TEST_STEP][PASSED] - delay(1): Delayed 1 second(s)

2024-08-04 14:03:38 - [MESSAGE][PASSED] - Delayed 1 second(s)

2024-08-04 14:03:38 - [TEST_STEP][PASSED] - click(findTestObject("Object Repository/Login/YesStayInButton")): Object: 'Object Repository/Login/YesStayInButton' is clicked on

2024-08-04 14:03:38 - [MESSAGE][PASSED] - Object: 'Object Repository/Login/YesStayInButton' is clicked on

2024-08-04 14:03:38 - [MESSAGE][PASSED] - Call Test Case 'Test Cases/Login' successfully

2024-08-04 14:03:38 - [TEST_STEP][PASSED] - switchToWindowIndex(1): Switched to window with index: '1'

2024-08-04 14:03:39 - [MESSAGE][PASSED] - Switched to window with index: '1'

2024-08-04 14:03:39 - [TEST_STEP][PASSED] - PMHwaueiTopX.TopX("2G", "Region", true, "Hourly", true, null): PMHwaueiTopX.TopX is PASSED

2024-08-04 14:03:39 - [MESSAGE][PASSED] - Object: 'Object Repository/PM/PM-Button' is clicked on

2024-08-04 14:03:39 - [MESSAGE][PASSED] - Switched to window with index: '2'

2024-08-04 14:03:52 - [MESSAGE][PASSED] - Object: 'Object Repository/PM/Huawei-vendor/Data-view/TopX' is clicked on

2024-08-04 14:03:52 - [MESSAGE][PASSED] - Object: 'Object Repository/PM/Huawei-vendor/Technology/Technology-Arrow' is clicked on

2024-08-04 14:03:52 - [MESSAGE][PASSED] - Object: 'Object Repository/PM/Huawei-vendor/Technology/2G' is clicked on

2024-08-04 14:03:52 - [MESSAGE][PASSED] - Object: 'Object Repository/PM/Huawei-vendor/TopX/TopX Object Type' is clicked on

2024-08-04 14:03:53 - [MESSAGE][PASSED] - Delayed 1 second(s)

2024-08-04 14:03:53 - [MESSAGE][PASSED] - Object: 'Object Repository/PM/Huawei-vendor/Object-Type/TopX Object Types/TopX Regions/TopX Region' is clicked on

2024-08-04 14:03:54 - [MESSAGE][PASSED] - Delayed 1 second(s)

2024-08-04 14:03:54 - [MESSAGE][WARNING] - Timeout '0' is invalid. Using default page load timeout: '120'

2024-08-04 14:03:54 - [MESSAGE][PASSED] - Scroll to object 'Object Repository/PM/Huawei-vendor/Object Border' successfully

2024-08-04 14:03:55 - [MESSAGE][PASSED] - Object: 'Object Repository/PM/Huawei-vendor/Object-Type/TopX Object Types/TopX Regions/TopX Region East Amman' is clicked on

2024-08-04 14:03:55 - [MESSAGE][PASSED] - Object: 'Object Repository/PM/Huawei-vendor/Object-Type/TopX Object Types/TopX Regions/TopX Region West Amman' is clicked on

2024-08-04 14:03:55 - [MESSAGE][PASSED] - Object: 'Object Repository/PM/Huawei-vendor/Object-Type/TopX Object Types/TopX Regions/TopX Region South Jordan' is clicked on

2024-08-04 14:03:55 - [MESSAGE][PASSED] - Object: 'Object Repository/PM/Huawei-vendor/Object-Type/TopX Object Types/TopX Regions/TopX Region North Jordan' is clicked on

2024-08-04 14:03:55 - [MESSAGE][PASSED] - Object: 'Object Repository/PM/Huawei-vendor/Object-Type/TopX Object Types/TopX Regions/TopX Region East Jordan' is clicked on

2024-08-04 14:03:55 - [MESSAGE][PASSED] - Object: 'Object Repository/PM/Huawei-vendor/Object-Type/TopX Object Types/TopX Regions/TopX Region Others' is clicked on

2024-08-04 14:03:55 - [MESSAGE][PASSED] - Object: 'Object Repository/PM/Huawei-vendor/Object-Type/TopX Object Types/TopX Regions/TopX Region South Amman' is clicked on

2024-08-04 14:03:55 - [MESSAGE][WARNING] - Timeout '0' is invalid. Using default page load timeout: '120'

2024-08-04 14:03:55 - [MESSAGE][PASSED] - Scroll to object 'Object Repository/PM/Huawei-vendor/LowXlabel' successfully

2024-08-04 14:03:55 - [MESSAGE][PASSED] - Object: 'Object Repository/PM/Huawei-vendor/TopX/TopXDate/BeforeDate' is clicked on

2024-08-04 14:03:56 - [MESSAGE][PASSED] - Delayed 1 second(s)

2024-08-04 14:03:57 - [MESSAGE][PASSED] - Object: 'Object Repository/PM/Huawei-vendor/TopX/TopXDate/Choose Month' is clicked on

2024-08-04 14:03:58 - [MESSAGE][PASSED] - Delayed 1 second(s)

2024-08-04 14:03:58 - [MESSAGE][PASSED] - Object: 'Object Repository/PM/Huawei-vendor/TopX/TopXDate/Feb' is clicked on

2024-08-04 14:03:58 - [MESSAGE][PASSED] - Object: 'Object Repository/PM/Huawei-vendor/TopX/TopXDate/Day 1' is clicked on

2024-08-04 14:03:58 - [MESSAGE][PASSED] - Object: 'Object Repository/PM/Huawei-vendor/TopX/TopXDate/Button OK' is clicked on

2024-08-04 14:03:58 - [MESSAGE][PASSED] - Object: 'Object Repository/PM/Huawei-vendor/TopX/TopXDate/After Date' is clicked on

2024-08-04 14:03:59 - [MESSAGE][PASSED] - Delayed 1 second(s)

2024-08-04 14:04:00 - [MESSAGE][PASSED] - Object: 'Object Repository/PM/Huawei-vendor/TopX/TopXDate/Choose Month' is clicked on

2024-08-04 14:04:01 - [MESSAGE][PASSED] - Delayed 1 second(s)

2024-08-04 14:04:01 - [MESSAGE][PASSED] - Object: 'Object Repository/PM/Huawei-vendor/TopX/TopXDate/Feb' is clicked on

2024-08-04 14:04:01 - [MESSAGE][PASSED] - Object: 'Object Repository/PM/Huawei-vendor/TopX/TopXDate/Day 7' is clicked on

2024-08-04 14:04:01 - [MESSAGE][PASSED] - Object: 'Object Repository/PM/Huawei-vendor/TopX/TopXDate/Button OK' is clicked on

2024-08-04 14:04:01 - [MESSAGE][PASSED] - Object: 'Object Repository/PM/Huawei-vendor/LowXCheckBox' is clicked on

2024-08-04 14:04:01 - [MESSAGE][PASSED] - Object: 'Object Repository/PM/Huawei-vendor/Apply-Button' is clicked on

2024-08-04 14:04:02 - [MESSAGE][WARNING] - Timeout '0' is invalid. Using default page load timeout: '120'

2024-08-04 14:04:02 - [MESSAGE][PASSED] - Web element with id: 'Object Repository/PM/Huawei-vendor/Error' located by 'By.xpath: //div[@class='toast-summary title-medium-m']' is not present after '120' second(s)

2024-08-04 14:04:02 - [MESSAGE][WARNING] - Timeout '0' is invalid. Using default page load timeout: '120'

2024-08-04 14:04:06 - [MESSAGE][PASSED] - Object 'Object Repository/PM/Huawei-vendor/Chart' is present

2024-08-04 14:04:06 - [MESSAGE][WARNING] - Timeout '0' is invalid. Using default page load timeout: '120'

2024-08-04 14:04:06 - [MESSAGE][PASSED] - Object 'Object Repository/PM/Huawei-vendor/TopX/TopX Export Chart' is present

2024-08-04 14:04:06 - [MESSAGE][WARNING] - Timeout '0' is invalid. Using default page load timeout: '120'

2024-08-04 14:04:06 - [MESSAGE][PASSED] - Object 'Object Repository/PM/Huawei-vendor/TopX/Table View' is present

2024-08-04 14:04:06 - [MESSAGE][PASSED] - Object: 'Object Repository/PM/Huawei-vendor/TopX/Table View' is clicked on

2024-08-04 14:04:07 - [MESSAGE][PASSED] - Object: 'Object Repository/PM/Huawei-vendor/TopX/Reordering the table view' is clicked on

2024-08-04 14:04:07 - [MESSAGE][PASSED] - Browser is closed

2024-08-04 14:04:07 - [MESSAGE][PASSED] - PMHwaueiTopX.TopX is PASSED]]></system-out>
         <system-err><![CDATA[]]></system-err>
      </testcase>
      <testcase name="Test Cases/PM/Hwauei/TopX/2G TopX/XRegion/TopX 2G Region Daily" time="27.906" classname="Test Cases/PM/Hwauei/TopX/2G TopX/XRegion/TopX 2G Region Daily" status="PASSED">
         <system-out><![CDATA[2024-08-04 14:04:07 - [TEST_CASE][PASSED] - Test Cases/PM/Hwauei/TopX/2G TopX/XRegion/TopX 2G Region Daily: Test Cases/PM/Hwauei/TopX/2G TopX/XRegion/TopX 2G Region Daily

2024-08-04 14:04:08 - [TEST_STEP][PASSED] - callTestCase(findTestCase("Login"), [:], STOP_ON_FAILURE): Call Test Case 'Test Cases/Login' successfully

2024-08-04 14:04:08 - [TEST_CASE][PASSED] - Test Cases/Login: Test Cases/Login

2024-08-04 14:04:08 - [TEST_STEP][PASSED] - driver = general.start(SwagerURL, NetCellURL): general.start is PASSED

2024-08-04 14:04:08 - [MESSAGE][INFO] - >>> chromeDriverPath=C:\Users\FatimaIbeid\.katalon\packages\Katalon_Studio_Windows_64-8.6.9\Katalon_Studio_Windows_64-8.6.9\configuration\resources\drivers\chromedriver_win32\chromedriver.exe

2024-08-04 14:04:09 - [MESSAGE][PASSED] - Current window maximized

2024-08-04 14:04:09 - [MESSAGE][PASSED] - Execute JavaScript 'window.open();' successfully

2024-08-04 14:04:09 - [MESSAGE][PASSED] - Switched to window with index: '1'

2024-08-04 14:04:10 - [MESSAGE][PASSED] - general.start is PASSED

2024-08-04 14:04:10 - [TEST_STEP][PASSED] - click(findTestObject("Object Repository/Login/LoginButton")): Object: 'Object Repository/Login/LoginButton' is clicked on

2024-08-04 14:04:11 - [MESSAGE][PASSED] - Object: 'Object Repository/Login/LoginButton' is clicked on

2024-08-04 14:04:11 - [TEST_STEP][PASSED] - switchToWindowIndex(2): Switched to window with index: '2'

2024-08-04 14:04:11 - [MESSAGE][PASSED] - Switched to window with index: '2'

2024-08-04 14:04:11 - [TEST_STEP][PASSED] - delay(1): Delayed 1 second(s)

2024-08-04 14:04:12 - [MESSAGE][PASSED] - Delayed 1 second(s)

2024-08-04 14:04:12 - [TEST_STEP][PASSED] - sendKeys(findTestObject("Object Repository/Login/EnterEmail"), "homam@zztjg.onmicrosoft.com"): Keys 'homam@zztjg.onmicrosoft.com' sent to object: 'Object Repository/Login/EnterEmail'

2024-08-04 14:04:13 - [MESSAGE][PASSED] - Keys 'homam@zztjg.onmicrosoft.com' sent to object: 'Object Repository/Login/EnterEmail'

2024-08-04 14:04:13 - [TEST_STEP][PASSED] - delay(1): Delayed 1 second(s)

2024-08-04 14:04:14 - [MESSAGE][PASSED] - Delayed 1 second(s)

2024-08-04 14:04:14 - [TEST_STEP][PASSED] - click(findTestObject("Object Repository/Login/NextButton")): Object: 'Object Repository/Login/NextButton' is clicked on

2024-08-04 14:04:14 - [MESSAGE][PASSED] - Object: 'Object Repository/Login/NextButton' is clicked on

2024-08-04 14:04:14 - [TEST_STEP][PASSED] - delay(2): Delayed 2 second(s)

2024-08-04 14:04:16 - [MESSAGE][PASSED] - Delayed 2 second(s)

2024-08-04 14:04:16 - [TEST_STEP][PASSED] - sendKeys(findTestObject("Object Repository/Login/EnterPassword"), "Holder12345"): Keys 'Holder12345' sent to object: 'Object Repository/Login/EnterPassword'

2024-08-04 14:04:16 - [MESSAGE][PASSED] - Keys 'Holder12345' sent to object: 'Object Repository/Login/EnterPassword'

2024-08-04 14:04:16 - [TEST_STEP][PASSED] - delay(1): Delayed 1 second(s)

2024-08-04 14:04:17 - [MESSAGE][PASSED] - Delayed 1 second(s)

2024-08-04 14:04:17 - [TEST_STEP][PASSED] - click(findTestObject("Object Repository/Login/SigninButton")): Object: 'Object Repository/Login/SigninButton' is clicked on

2024-08-04 14:04:17 - [MESSAGE][PASSED] - Object: 'Object Repository/Login/SigninButton' is clicked on

2024-08-04 14:04:17 - [TEST_STEP][PASSED] - delay(1): Delayed 1 second(s)

2024-08-04 14:04:18 - [MESSAGE][PASSED] - Delayed 1 second(s)

2024-08-04 14:04:18 - [TEST_STEP][PASSED] - click(findTestObject("Object Repository/Login/YesStayInButton")): Object: 'Object Repository/Login/YesStayInButton' is clicked on

2024-08-04 14:04:19 - [MESSAGE][PASSED] - Object: 'Object Repository/Login/YesStayInButton' is clicked on

2024-08-04 14:04:19 - [MESSAGE][PASSED] - Call Test Case 'Test Cases/Login' successfully

2024-08-04 14:04:19 - [TEST_STEP][PASSED] - switchToWindowIndex(1): Switched to window with index: '1'

2024-08-04 14:04:19 - [MESSAGE][PASSED] - Switched to window with index: '1'

2024-08-04 14:04:19 - [TEST_STEP][PASSED] - PMHwaueiTopX.TopX("2G", "Region", false, "Daily", false, null): PMHwaueiTopX.TopX is PASSED

2024-08-04 14:04:19 - [MESSAGE][PASSED] - Object: 'Object Repository/PM/PM-Button' is clicked on

2024-08-04 14:04:19 - [MESSAGE][PASSED] - Switched to window with index: '2'

2024-08-04 14:04:20 - [MESSAGE][PASSED] - Object: 'Object Repository/PM/Huawei-vendor/Data-view/TopX' is clicked on

2024-08-04 14:04:20 - [MESSAGE][PASSED] - Object: 'Object Repository/PM/Huawei-vendor/Technology/Technology-Arrow' is clicked on

2024-08-04 14:04:20 - [MESSAGE][PASSED] - Object: 'Object Repository/PM/Huawei-vendor/Technology/2G' is clicked on

2024-08-04 14:04:21 - [MESSAGE][PASSED] - Object: 'Object Repository/PM/Huawei-vendor/TopX/TopX Object Type' is clicked on

2024-08-04 14:04:22 - [MESSAGE][PASSED] - Delayed 1 second(s)

2024-08-04 14:04:22 - [MESSAGE][PASSED] - Object: 'Object Repository/PM/Huawei-vendor/Object-Type/TopX Object Types/TopX Regions/TopX Region' is clicked on

2024-08-04 14:04:23 - [MESSAGE][PASSED] - Delayed 1 second(s)

2024-08-04 14:04:23 - [MESSAGE][WARNING] - Timeout '0' is invalid. Using default page load timeout: '120'

2024-08-04 14:04:23 - [MESSAGE][PASSED] - Scroll to object 'Object Repository/PM/Huawei-vendor/Object Border' successfully

2024-08-04 14:04:23 - [MESSAGE][PASSED] - Object: 'Object Repository/PM/Huawei-vendor/Object-Type/TopX Object Types/TopX Regions/TopX Region East Amman' is clicked on

2024-08-04 14:04:23 - [MESSAGE][PASSED] - Object: 'Object Repository/PM/Huawei-vendor/Object-Type/TopX Object Types/TopX Regions/TopX Region West Amman' is clicked on

2024-08-04 14:04:23 - [MESSAGE][PASSED] - Object: 'Object Repository/PM/Huawei-vendor/Object-Type/TopX Object Types/TopX Regions/TopX Region South Jordan' is clicked on

2024-08-04 14:04:23 - [MESSAGE][PASSED] - Object: 'Object Repository/PM/Huawei-vendor/Object-Type/TopX Object Types/TopX Regions/TopX Region North Jordan' is clicked on

2024-08-04 14:04:23 - [MESSAGE][WARNING] - Timeout '0' is invalid. Using default page load timeout: '120'

2024-08-04 14:04:24 - [MESSAGE][PASSED] - Scroll to object 'Object Repository/PM/Huawei-vendor/LowXlabel' successfully

2024-08-04 14:04:24 - [MESSAGE][PASSED] - Object: 'Object Repository/PM/Huawei-vendor/Resolution Temp/Select Resolution temp' is clicked on

2024-08-04 14:04:24 - [MESSAGE][PASSED] - Object: 'Object Repository/PM/Huawei-vendor/Resolution Temp/Resolution Temp Daily' is clicked on

2024-08-04 14:04:24 - [MESSAGE][PASSED] - Object: 'Object Repository/PM/Huawei-vendor/TopX/TopXDate/BeforeDate' is clicked on

2024-08-04 14:04:25 - [MESSAGE][PASSED] - Delayed 1 second(s)

2024-08-04 14:04:25 - [MESSAGE][PASSED] - Object: 'Object Repository/PM/Huawei-vendor/TopX/TopXDate/Choose Month' is clicked on

2024-08-04 14:04:26 - [MESSAGE][PASSED] - Delayed 1 second(s)

2024-08-04 14:04:26 - [MESSAGE][PASSED] - Object: 'Object Repository/PM/Huawei-vendor/TopX/TopXDate/Feb' is clicked on

2024-08-04 14:04:26 - [MESSAGE][PASSED] - Object: 'Object Repository/PM/Huawei-vendor/TopX/TopXDate/Day 1' is clicked on

2024-08-04 14:04:27 - [MESSAGE][PASSED] - Object: 'Object Repository/PM/Huawei-vendor/TopX/TopXDate/Button OK' is clicked on

2024-08-04 14:04:27 - [MESSAGE][PASSED] - Object: 'Object Repository/PM/Huawei-vendor/TopX/TopXDate/After Date' is clicked on

2024-08-04 14:04:28 - [MESSAGE][PASSED] - Delayed 1 second(s)

2024-08-04 14:04:28 - [MESSAGE][PASSED] - Object: 'Object Repository/PM/Huawei-vendor/TopX/TopXDate/Choose Month' is clicked on

2024-08-04 14:04:29 - [MESSAGE][PASSED] - Delayed 1 second(s)

2024-08-04 14:04:29 - [MESSAGE][PASSED] - Object: 'Object Repository/PM/Huawei-vendor/TopX/TopXDate/Feb' is clicked on

2024-08-04 14:04:29 - [MESSAGE][PASSED] - Object: 'Object Repository/PM/Huawei-vendor/TopX/TopXDate/Day 7' is clicked on

2024-08-04 14:04:29 - [MESSAGE][PASSED] - Object: 'Object Repository/PM/Huawei-vendor/TopX/TopXDate/Button OK' is clicked on

2024-08-04 14:04:30 - [MESSAGE][PASSED] - Object: 'Object Repository/PM/Huawei-vendor/Apply-Button' is clicked on

2024-08-04 14:04:30 - [MESSAGE][WARNING] - Timeout '0' is invalid. Using default page load timeout: '120'

[...]

2024-08-04 14:47:27 - [MESSAGE][PASSED] - Object: 'Object Repository/PM/Huawei-vendor/Object-Type/TopX Object Types/TopX Governorates/TopX Zarqa' is clicked on

2024-08-04 14:47:27 - [MESSAGE][WARNING] - Timeout '0' is invalid. Using default page load timeout: '120'

2024-08-04 14:47:27 - [MESSAGE][PASSED] - Scroll to object 'Object Repository/PM/Huawei-vendor/LowXlabel' successfully

2024-08-04 14:47:27 - [MESSAGE][PASSED] - Object: 'Object Repository/PM/Huawei-vendor/Resolution Temp/Select Resolution temp' is clicked on

2024-08-04 14:47:28 - [MESSAGE][PASSED] - Object: 'Object Repository/PM/Huawei-vendor/Resolution Temp/Resolution Temp DailyBH' is clicked on

2024-08-04 14:47:28 - [MESSAGE][PASSED] - Object: 'Object Repository/PM/Huawei-vendor/TopX/TopXDate/BeforeDate' is clicked on

2024-08-04 14:47:29 - [MESSAGE][PASSED] - Delayed 1 second(s)

2024-08-04 14:47:29 - [MESSAGE][PASSED] - Object: 'Object Repository/PM/Huawei-vendor/TopX/TopXDate/Choose Month' is clicked on

2024-08-04 14:47:30 - [MESSAGE][PASSED] - Delayed 1 second(s)

2024-08-04 14:47:30 - [MESSAGE][PASSED] - Object: 'Object Repository/PM/Huawei-vendor/TopX/TopXDate/Feb' is clicked on

2024-08-04 14:47:30 - [MESSAGE][PASSED] - Object: 'Object Repository/PM/Huawei-vendor/TopX/TopXDate/Day 1' is clicked on

2024-08-04 14:47:31 - [MESSAGE][PASSED] - Object: 'Object Repository/PM/Huawei-vendor/TopX/TopXDate/Button OK' is clicked on

2024-08-04 14:47:31 - [MESSAGE][PASSED] - Object: 'Object Repository/PM/Huawei-vendor/TopX/TopXDate/After Date' is clicked on

2024-08-04 14:47:32 - [MESSAGE][PASSED] - Delayed 1 second(s)

2024-08-04 14:47:32 - [MESSAGE][PASSED] - Object: 'Object Repository/PM/Huawei-vendor/TopX/TopXDate/Choose Month' is clicked on

2024-08-04 14:47:33 - [MESSAGE][PASSED] - Delayed 1 second(s)

2024-08-04 14:47:33 - [MESSAGE][PASSED] - Object: 'Object Repository/PM/Huawei-vendor/TopX/TopXDate/Feb' is clicked on

2024-08-04 14:47:34 - [MESSAGE][PASSED] - Object: 'Object Repository/PM/Huawei-vendor/TopX/TopXDate/Day 7' is clicked on

2024-08-04 14:47:34 - [MESSAGE][PASSED] - Object: 'Object Repository/PM/Huawei-vendor/TopX/TopXDate/Button OK' is clicked on

2024-08-04 14:47:34 - [MESSAGE][PASSED] - Object: 'Object Repository/PM/Huawei-vendor/Apply-Button' is clicked on

2024-08-04 14:47:34 - [MESSAGE][WARNING] - Timeout '0' is invalid. Using default page load timeout: '120'

2024-08-04 14:47:34 - [MESSAGE][PASSED] - Web element with id: 'Object Repository/PM/Huawei-vendor/Error' located by 'By.xpath: //div[@class='toast-summary title-medium-m']' is not present after '120' second(s)

2024-08-04 14:47:34 - [MESSAGE][WARNING] - Timeout '0' is invalid. Using default page load timeout: '120'

2024-08-04 14:49:35 - [MESSAGE][INFO] - Unable to find the element located by 'By.xpath: //*[@id="chart-container"]/div/app-main-chart-component[1]/div/div[2]/div[2]/div/div/div[1]/canvas'. Please recheck the objects properties to make sure the desired element is located. 

2024-08-04 14:49:35 - [MESSAGE][FAILED] - com.kms.katalon.core.webui.exception.WebElementNotFoundException: Web element with id: 'Object Repository/PM/Huawei-vendor/Chart' located by '//*[@id="chart-container"]/div/app-main-chart-component[1]/div/div[2]/div[2]/div/div/div[1]/canvas' not found (Root cause: com.kms.katalon.core.exception.StepFailedException: com.kms.katalon.core.webui.exception.WebElementNotFoundException: Web element with id: 'Object Repository/PM/Huawei-vendor/Chart' located by '//*[@id="chart-container"]/div/app-main-chart-component[1]/div/div[2]/div[2]/div/div/div[1]/canvas' not found
	at com.kms.katalon.core.webui.keyword.internal.WebUIKeywordMain.stepFailed(WebUIKeywordMain.groovy:64)
	at com.kms.katalon.core.webui.keyword.builtin.VerifyElementPresentKeyword$_verifyElementPresent_closure1.doCall(VerifyElementPresentKeyword.groovy:85)
	at com.kms.katalon.core.webui.keyword.builtin.VerifyElementPresentKeyword$_verifyElementPresent_closure1.call(VerifyElementPresentKeyword.groovy)
	at com.kms.katalon.core.webui.keyword.internal.WebUIKeywordMain.runKeyword(WebUIKeywordMain.groovy:20)
	at com.kms.katalon.core.webui.keyword.builtin.VerifyElementPresentKeyword.verifyElementPresent(VerifyElementPresentKeyword.groovy:92)
	at com.kms.katalon.core.webui.keyword.builtin.VerifyElementPresentKeyword.execute(VerifyElementPresentKeyword.groovy:68)
	at com.kms.katalon.core.keyword.internal.KeywordExecutor.executeKeywordForPlatform(KeywordExecutor.groovy:74)
	at com.kms.katalon.core.webui.keyword.WebUiBuiltInKeywords.verifyElementPresent(WebUiBuiltInKeywords.groovy:1464)
	at com.kms.katalon.core.webui.keyword.WebUiBuiltInKeywords$verifyElementPresent$6.call(Unknown Source)
	at PMHwaueiTopX.TopX(PMHwaueiTopX.groovy:1593)
	at PMHwaueiTopX.invokeMethod(PMHwaueiTopX.groovy)
	at com.kms.katalon.core.main.CustomKeywordDelegatingMetaClass.invokeStaticMethod(CustomKeywordDelegatingMetaClass.java:55)
	at TopX 2G Governorate DailyBH.run(TopX 2G Governorate DailyBH:29)
	at com.kms.katalon.core.main.ScriptEngine.run(ScriptEngine.java:194)
	at com.kms.katalon.core.main.ScriptEngine.runScriptAsRawText(ScriptEngine.java:119)
	at com.kms.katalon.core.main.TestCaseExecutor.runScript(TestCaseExecutor.java:448)
	at com.kms.katalon.core.main.TestCaseExecutor.doExecute(TestCaseExecutor.java:439)
	at com.kms.katalon.core.main.TestCaseExecutor.processExecutionPhase(TestCaseExecutor.java:418)
	at com.kms.katalon.core.main.TestCaseExecutor.accessMainPhase(TestCaseExecutor.java:410)
	at com.kms.katalon.core.main.TestCaseExecutor.execute(TestCaseExecutor.java:285)
	at com.kms.katalon.core.common.CommonExecutor.accessTestCaseMainPhase(CommonExecutor.java:65)
	at com.kms.katalon.core.main.TestSuiteExecutor.accessTestSuiteMainPhase(TestSuiteExecutor.java:148)
	at com.kms.katalon.core.main.TestSuiteExecutor.execute(TestSuiteExecutor.java:106)
	at com.kms.katalon.core.main.TestCaseMain.startTestSuite(TestCaseMain.java:187)
	at com.kms.katalon.core.main.TestCaseMain$startTestSuite$0.call(Unknown Source)
	at TempTestSuite1722769113368.run(TempTestSuite1722769113368.groovy:35)
)
[[ATTACHMENT|C:\\Users\\FatimaIbeid\\git\\NetCell\\Reports\\20240804_135833\\PM\\Hwauei\\TopX\\Regression TopX 2G\\20240804_135833\\1722772175791.png]]

2024-08-04 14:49:36 - [MESSAGE][FAILED] - Unable to verify object 'Object Repository/PM/Huawei-vendor/Chart' is present (Root cause: com.kms.katalon.core.exception.StepFailedException: Unable to verify object 'Object Repository/PM/Huawei-vendor/Chart' is present
	at com.kms.katalon.core.webui.keyword.internal.WebUIKeywordMain.stepFailed(WebUIKeywordMain.groovy:64)
	at com.kms.katalon.core.webui.keyword.internal.WebUIKeywordMain.runKeyword(WebUIKeywordMain.groovy:26)
	at com.kms.katalon.core.webui.keyword.builtin.VerifyElementPresentKeyword.verifyElementPresent(VerifyElementPresentKeyword.groovy:92)
	at com.kms.katalon.core.webui.keyword.builtin.VerifyElementPresentKeyword.execute(VerifyElementPresentKeyword.groovy:68)
	at com.kms.katalon.core.keyword.internal.KeywordExecutor.executeKeywordForPlatform(KeywordExecutor.groovy:74)
	at com.kms.katalon.core.webui.keyword.WebUiBuiltInKeywords.verifyElementPresent(WebUiBuiltInKeywords.groovy:1464)
	at com.kms.katalon.core.webui.keyword.WebUiBuiltInKeywords$verifyElementPresent$6.call(Unknown Source)
	at PMHwaueiTopX.TopX(PMHwaueiTopX.groovy:1593)
	at PMHwaueiTopX.invokeMethod(PMHwaueiTopX.groovy)
	at com.kms.katalon.core.main.CustomKeywordDelegatingMetaClass.invokeStaticMethod(CustomKeywordDelegatingMetaClass.java:55)
	at TopX 2G Governorate DailyBH.run(TopX 2G Governorate DailyBH:29)
	at com.kms.katalon.core.main.ScriptEngine.run(ScriptEngine.java:194)
	at com.kms.katalon.core.main.ScriptEngine.runScriptAsRawText(ScriptEngine.java:119)
	at com.kms.katalon.core.main.TestCaseExecutor.runScript(TestCaseExecutor.java:448)
	at com.kms.katalon.core.main.TestCaseExecutor.doExecute(TestCaseExecutor.java:439)
	at com.kms.katalon.core.main.TestCaseExecutor.processExecutionPhase(TestCaseExecutor.java:418)
	at com.kms.katalon.core.main.TestCaseExecutor.accessMainPhase(TestCaseExecutor.java:410)
	at com.kms.katalon.core.main.TestCaseExecutor.execute(TestCaseExecutor.java:285)
	at com.kms.katalon.core.common.CommonExecutor.accessTestCaseMainPhase(CommonExecutor.java:65)
	at com.kms.katalon.core.main.TestSuiteExecutor.accessTestSuiteMainPhase(TestSuiteExecutor.java:148)
	at com.kms.katalon.core.main.TestSuiteExecutor.execute(TestSuiteExecutor.java:106)
	at com.kms.katalon.core.main.TestCaseMain.startTestSuite(TestCaseMain.java:187)
	at com.kms.katalon.core.main.TestCaseMain$startTestSuite$0.call(Unknown Source)
	at TempTestSuite1722769113368.run(TempTestSuite1722769113368.groovy:35)
Caused by: com.kms.katalon.core.exception.StepFailedException: com.kms.katalon.core.webui.exception.WebElementNotFoundException: Web element with id: 'Object Repository/PM/Huawei-vendor/Chart' located by '//*[@id="chart-container"]/div/app-main-chart-component[1]/div/div[2]/div[2]/div/div/div[1]/canvas' not found
	at com.kms.katalon.core.webui.keyword.internal.WebUIKeywordMain.stepFailed(WebUIKeywordMain.groovy:64)
	at com.kms.katalon.core.webui.keyword.builtin.VerifyElementPresentKeyword$_verifyElementPresent_closure1.doCall(VerifyElementPresentKeyword.groovy:85)
	at com.kms.katalon.core.webui.keyword.builtin.VerifyElementPresentKeyword$_verifyElementPresent_closure1.call(VerifyElementPresentKeyword.groovy)
	at com.kms.katalon.core.webui.keyword.internal.WebUIKeywordMain.runKeyword(WebUIKeywordMain.groovy:20)
	... 22 more
)
[[ATTACHMENT|C:\\Users\\FatimaIbeid\\git\\NetCell\\Reports\\20240804_135833\\PM\\Hwauei\\TopX\\Regression TopX 2G\\20240804_135833\\1722772175984.png]]

2024-08-04 14:49:36 - [MESSAGE][FAILED] - Unable to verify object 'Object Repository/PM/Huawei-vendor/Chart' is present]]></system-out>
         <system-err><![CDATA[2024-08-04 14:46:56 - [TEST_CASE][FAILED] - Test Cases/PM/Hwauei/TopX/2G TopX/XGovernorate/TopX 2G Governorate DailyBH: Test Cases/PM/Hwauei/TopX/2G TopX/XGovernorate/TopX 2G Governorate DailyBH FAILED.
Reason:
com.kms.katalon.core.exception.StepFailedException: Unable to verify object 'Object Repository/PM/Huawei-vendor/Chart' is present
	at com.kms.katalon.core.webui.keyword.internal.WebUIKeywordMain.stepFailed(WebUIKeywordMain.groovy:64)
	at com.kms.katalon.core.webui.keyword.internal.WebUIKeywordMain.runKeyword(WebUIKeywordMain.groovy:26)
	at com.kms.katalon.core.webui.keyword.builtin.VerifyElementPresentKeyword.verifyElementPresent(VerifyElementPresentKeyword.groovy:92)
	at com.kms.katalon.core.webui.keyword.builtin.VerifyElementPresentKeyword.execute(VerifyElementPresentKeyword.groovy:68)
	at com.kms.katalon.core.keyword.internal.KeywordExecutor.executeKeywordForPlatform(KeywordExecutor.groovy:74)
	at com.kms.katalon.core.webui.keyword.WebUiBuiltInKeywords.verifyElementPresent(WebUiBuiltInKeywords.groovy:1464)
	at com.kms.katalon.core.webui.keyword.WebUiBuiltInKeywords$verifyElementPresent$6.call(Unknown Source)
	at PMHwaueiTopX.TopX(PMHwaueiTopX.groovy:1593)
	at PMHwaueiTopX.invokeMethod(PMHwaueiTopX.groovy)
	at com.kms.katalon.core.main.CustomKeywordDelegatingMetaClass.invokeStaticMethod(CustomKeywordDelegatingMetaClass.java:55)
	at TopX 2G Governorate DailyBH.run(TopX 2G Governorate DailyBH:29)
	at com.kms.katalon.core.main.ScriptEngine.run(ScriptEngine.java:194)
	at com.kms.katalon.core.main.ScriptEngine.runScriptAsRawText(ScriptEngine.java:119)
	at com.kms.katalon.core.main.TestCaseExecutor.runScript(TestCaseExecutor.java:448)
	at com.kms.katalon.core.main.TestCaseExecutor.doExecute(TestCaseExecutor.java:439)
	at com.kms.katalon.core.main.TestCaseExecutor.processExecutionPhase(TestCaseExecutor.java:418)
	at com.kms.katalon.core.main.TestCaseExecutor.accessMainPhase(TestCaseExecutor.java:410)
	at com.kms.katalon.core.main.TestCaseExecutor.execute(TestCaseExecutor.java:285)
	at com.kms.katalon.core.common.CommonExecutor.accessTestCaseMainPhase(CommonExecutor.java:65)
	at com.kms.katalon.core.main.TestSuiteExecutor.accessTestSuiteMainPhase(TestSuiteExecutor.java:148)
	at com.kms.katalon.core.main.TestSuiteExecutor.execute(TestSuiteExecutor.java:106)
	at com.kms.katalon.core.main.TestCaseMain.startTestSuite(TestCaseMain.java:187)
	at com.kms.katalon.core.main.TestCaseMain$startTestSuite$0.call(Unknown Source)
	at TempTestSuite1722769113368.run(TempTestSuite1722769113368.groovy:35)
Caused by: com.kms.katalon.core.exception.StepFailedException: com.kms.katalon.core.webui.exception.WebElementNotFoundException: Web element with id: 'Object Repository/PM/Huawei-vendor/Chart' located by '//*[@id="chart-container"]/div/app-main-chart-component[1]/div/div[2]/div[2]/div/div/div[1]/canvas' not found
	at com.kms.katalon.core.webui.keyword.internal.WebUIKeywordMain.stepFailed(WebUIKeywordMain.groovy:64)
	at com.kms.katalon.core.webui.keyword.builtin.VerifyElementPresentKeyword$_verifyElementPresent_closure1.doCall(VerifyElementPresentKeyword.groovy:85)
	at com.kms.katalon.core.webui.keyword.builtin.VerifyElementPresentKeyword$_verifyElementPresent_closure1.call(VerifyElementPresentKeyword.groovy)
	at com.kms.katalon.core.webui.keyword.internal.WebUIKeywordMain.runKeyword(WebUIKeywordMain.groovy:20)
	... 22 more]]></system-err>
      </testcase>
      <system-out><![CDATA[2024-08-04 13:58:36 - [TEST_SUITE][FAILED] - Regression TopX 2G: Test Cases/PM/Hwauei/TopX/2G TopX/XPLMN/TopX 2G PLMN DailyBH FAILED.
Reason:
com.kms.katalon.core.exception.StepFailedException: Unable to verify object 'Object Repository/PM/Huawei-vendor/Chart' is present
	at com.kms.katalon.core.webui.keyword.internal.WebUIKeywordMain.stepFailed(WebUIKeywordMain.groovy:64)
	at com.kms.katalon.core.webui.keyword.internal.WebUIKeywordMain.runKeyword(WebUIKeywordMain.groovy:26)
	at com.kms.katalon.core.webui.keyword.builtin.VerifyElementPresentKeyword.verifyElementPresent(VerifyElementPresentKeyword.groovy:92)
	at com.kms.katalon.core.webui.keyword.builtin.VerifyElementPresentKeyword.execute(VerifyElementPresentKeyword.groovy:68)
	at com.kms.katalon.core.keyword.internal.KeywordExecutor.executeKeywordForPlatform(KeywordExecutor.groovy:74)
	at com.kms.katalon.core.webui.keyword.WebUiBuiltInKeywords.verifyElementPresent(WebUiBuiltInKeywords.groovy:1464)
	at com.kms.katalon.core.webui.keyword.WebUiBuiltInKeywords$verifyElementPresent$6.call(Unknown Source)
	at PMHwaueiTopX.TopX(PMHwaueiTopX.groovy:1593)
	at PMHwaueiTopX.invokeMethod(PMHwaueiTopX.groovy)
	at com.kms.katalon.core.main.CustomKeywordDelegatingMetaClass.invokeStaticMethod(CustomKeywordDelegatingMetaClass.java:55)
	at TopX 2G PLMN DailyBH.run(TopX 2G PLMN DailyBH:29)
	at com.kms.katalon.core.main.ScriptEngine.run(ScriptEngine.java:194)
	at com.kms.katalon.core.main.ScriptEngine.runScriptAsRawText(ScriptEngine.java:119)
	at com.kms.katalon.core.main.TestCaseExecutor.runScript(TestCaseExecutor.java:448)
	at com.kms.katalon.core.main.TestCaseExecutor.doExecute(TestCaseExecutor.java:439)
	at com.kms.katalon.core.main.TestCaseExecutor.processExecutionPhase(TestCaseExecutor.java:418)
	at com.kms.katalon.core.main.TestCaseExecutor.accessMainPhase(TestCaseExecutor.java:410)
	at com.kms.katalon.core.main.TestCaseExecutor.execute(TestCaseExecutor.java:285)
	at com.kms.katalon.core.common.CommonExecutor.accessTestCaseMainPhase(CommonExecutor.java:65)
	at com.kms.katalon.core.main.TestSuiteExecutor.accessTestSuiteMainPhase(TestSuiteExecutor.java:148)
	at com.kms.katalon.core.main.TestSuiteExecutor.execute(TestSuiteExecutor.java:106)
	at com.kms.katalon.core.main.TestCaseMain.startTestSuite(TestCaseMain.java:187)
	at com.kms.katalon.core.main.TestCaseMain$startTestSuite$0.call(Unknown Source)
	at TempTestSuite1722769113368.run(TempTestSuite1722769113368.groovy:35)
Caused by: com.kms.katalon.core.exception.StepFailedException: com.kms.katalon.core.webui.exception.WebElementNotFoundException: Web element with id: 'Object Repository/PM/Huawei-vendor/Chart' located by '//*[@id="chart-container"]/div/app-main-chart-component[1]/div/div[2]/div[2]/div/div/div[1]/canvas' not found
	at com.kms.katalon.core.webui.keyword.internal.WebUIKeywordMain.stepFailed(WebUIKeywordMain.groovy:64)
	at com.kms.katalon.core.webui.keyword.builtin.VerifyElementPresentKeyword$_verifyElementPresent_closure1.doCall(VerifyElementPresentKeyword.groovy:85)
	at com.kms.katalon.core.webui.keyword.builtin.VerifyElementPresentKeyword$_verifyElementPresent_closure1.call(VerifyElementPresentKeyword.groovy)
	at com.kms.katalon.core.webui.keyword.internal.WebUIKeywordMain.runKeyword(WebUIKeywordMain.groovy:20)
	... 22 more]]></system-out>
      <system-err><![CDATA[2024-08-04 13:58:36 - [TEST_SUITE][FAILED] - Regression TopX 2G: Test Cases/PM/Hwauei/TopX/2G TopX/XPLMN/TopX 2G PLMN DailyBH FAILED.
Reason:
com.kms.katalon.core.exception.StepFailedException: Unable to verify object 'Object Repository/PM/Huawei-vendor/Chart' is present
	at com.kms.katalon.core.webui.keyword.internal.WebUIKeywordMain.stepFailed(WebUIKeywordMain.groovy:64)
	at com.kms.katalon.core.webui.keyword.internal.WebUIKeywordMain.runKeyword(WebUIKeywordMain.groovy:26)
	at com.kms.katalon.core.webui.keyword.builtin.VerifyElementPresentKeyword.verifyElementPresent(VerifyElementPresentKeyword.groovy:92)
	at com.kms.katalon.core.webui.keyword.builtin.VerifyElementPresentKeyword.execute(VerifyElementPresentKeyword.groovy:68)
	at com.kms.katalon.core.keyword.internal.KeywordExecutor.executeKeywordForPlatform(KeywordExecutor.groovy:74)
	at com.kms.katalon.core.webui.keyword.WebUiBuiltInKeywords.verifyElementPresent(WebUiBuiltInKeywords.groovy:1464)
	at com.kms.katalon.core.webui.keyword.WebUiBuiltInKeywords$verifyElementPresent$6.call(Unknown Source)
	at PMHwaueiTopX.TopX(PMHwaueiTopX.groovy:1593)
	at PMHwaueiTopX.invokeMethod(PMHwaueiTopX.groovy)
	at com.kms.katalon.core.main.CustomKeywordDelegatingMetaClass.invokeStaticMethod(CustomKeywordDelegatingMetaClass.java:55)
	at TopX 2G PLMN DailyBH.run(TopX 2G PLMN DailyBH:29)
	at com.kms.katalon.core.main.ScriptEngine.run(ScriptEngine.java:194)
	at com.kms.katalon.core.main.ScriptEngine.runScriptAsRawText(ScriptEngine.java:119)
	at com.kms.katalon.core.main.TestCaseExecutor.runScript(TestCaseExecutor.java:448)
	at com.kms.katalon.core.main.TestCaseExecutor.doExecute(TestCaseExecutor.java:439)
	at com.kms.katalon.core.main.TestCaseExecutor.processExecutionPhase(TestCaseExecutor.java:418)
	at com.kms.katalon.core.main.TestCaseExecutor.accessMainPhase(TestCaseExecutor.java:410)
	at com.kms.katalon.core.main.TestCaseExecutor.execute(TestCaseExecutor.java:285)
	at com.kms.katalon.core.common.CommonExecutor.accessTestCaseMainPhase(CommonExecutor.java:65)
	at com.kms.katalon.core.main.TestSuiteExecutor.accessTestSuiteMainPhase(TestSuiteExecutor.java:148)
	at com.kms.katalon.core.main.TestSuiteExecutor.execute(TestSuiteExecutor.java:106)
	at com.kms.katalon.core.main.TestCaseMain.startTestSuite(TestCaseMain.java:187)
	at com.kms.katalon.core.main.TestCaseMain$startTestSuite$0.call(Unknown Source)
	at TempTestSuite1722769113368.run(TempTestSuite1722769113368.groovy:35)
Caused by: com.kms.katalon.core.exception.StepFailedException: com.kms.katalon.core.webui.exception.WebElementNotFoundException: Web element with id: 'Object Repository/PM/Huawei-vendor/Chart' located by '//*[@id="chart-container"]/div/app-main-chart-component[1]/div/div[2]/div[2]/div/div/div[1]/canvas' not found
	at com.kms.katalon.core.webui.keyword.internal.WebUIKeywordMain.stepFailed(WebUIKeywordMain.groovy:64)
	at com.kms.katalon.core.webui.keyword.builtin.VerifyElementPresentKeyword$_verifyElementPresent_closure1.doCall(VerifyElementPresentKeyword.groovy:85)
	at com.kms.katalon.core.webui.keyword.builtin.VerifyElementPresentKeyword$_verifyElementPresent_closure1.call(VerifyElementPresentKeyword.groovy)
	at com.kms.katalon.core.webui.keyword.internal.WebUIKeywordMain.runKeyword(WebUIKeywordMain.groovy:20)
	... 22 more]]></system-err>
   </testsuite>
</testsuites>
